Mensaje I / 00:00:00:000 / Root(00) para top(01)
Mensaje I / 00:00:00:000 / top(01) para subnet1(02)
Mensaje I / 00:00:00:000 / top(01) para subnet2(03)
Mensaje D / 00:00:00:000 / subnet1(02) / ... para top(01)
Mensaje D / 00:00:00:000 / subnet2(03) / ... para top(01)
Mensaje D / 00:00:00:000 / top(01) / ... para Root(00)
Mensaje X / 00:00:10:000 / Root(00) / in1 /     11.00000 para top(01)
Mensaje X / 00:00:10:000 / top(01) / in /     11.00000 para subnet1(02)
Mensaje D / 00:00:10:000 / subnet1(02) / 00:00:02:987 para top(01)
Mensaje D / 00:00:10:000 / top(01) / 00:00:02:987 para Root(00)
Mensaje * / 00:00:12:987 / Root(00) para top(01)
Mensaje * / 00:00:12:987 / top(01) para subnet1(02)
Mensaje Y / 00:00:12:987 / subnet1(02) / out /     11.00000 para top(01)
Mensaje D / 00:00:12:987 / subnet1(02) / ... para top(01)
Mensaje Y / 00:00:12:987 / top(01) / out1 /     11.00000 para Root(00)
Mensaje D / 00:00:12:987 / top(01) / ... para Root(00)
Mensaje X / 00:00:15:000 / Root(00) / in2 /      1.00000 para top(01)
Mensaje X / 00:00:15:000 / top(01) / in /      1.00000 para subnet2(03)
Mensaje D / 00:00:15:000 / subnet2(03) / 00:00:01:796 para top(01)
Mensaje D / 00:00:15:000 / top(01) / 00:00:01:796 para Root(00)
Mensaje * / 00:00:16:796 / Root(00) para top(01)
Mensaje * / 00:00:16:796 / top(01) para subnet2(03)
Mensaje Y / 00:00:16:796 / subnet2(03) / out /      1.00000 para top(01)
Mensaje D / 00:00:16:796 / subnet2(03) / ... para top(01)
Mensaje Y / 00:00:16:796 / top(01) / out2 /      1.00000 para Root(00)
Mensaje D / 00:00:16:796 / top(01) / ... para Root(00)
Mensaje X / 00:00:20:000 / Root(00) / in1 /     20.00000 para top(01)
Mensaje X / 00:00:20:000 / top(01) / in /     20.00000 para subnet1(02)
Mensaje D / 00:00:20:000 / subnet1(02) / 00:00:01:957 para top(01)
Mensaje D / 00:00:20:000 / top(01) / 00:00:01:957 para Root(00)
Mensaje * / 00:00:21:957 / Root(00) para top(01)
Mensaje * / 00:00:21:957 / top(01) para subnet1(02)
Mensaje Y / 00:00:21:957 / subnet1(02) / out /     20.00000 para top(01)
Mensaje D / 00:00:21:957 / subnet1(02) / ... para top(01)
Mensaje Y / 00:00:21:957 / top(01) / out1 /     20.00000 para Root(00)
Mensaje D / 00:00:21:957 / top(01) / ... para Root(00)
Mensaje X / 00:00:25:000 / Root(00) / in2 /      0.00000 para top(01)
Mensaje X / 00:00:25:000 / top(01) / in /      0.00000 para subnet2(03)
Mensaje D / 00:00:25:000 / subnet2(03) / 00:00:03:035 para top(01)
Mensaje D / 00:00:25:000 / top(01) / 00:00:03:035 para Root(00)
Mensaje * / 00:00:28:035 / Root(00) para top(01)
Mensaje * / 00:00:28:035 / top(01) para subnet2(03)
Mensaje Y / 00:00:28:035 / subnet2(03) / out /      0.00000 para top(01)
Mensaje D / 00:00:28:035 / subnet2(03) / ... para top(01)
Mensaje Y / 00:00:28:035 / top(01) / out2 /      0.00000 para Root(00)
Mensaje D / 00:00:28:035 / top(01) / ... para Root(00)
Mensaje X / 00:00:30:000 / Root(00) / in1 /     31.00000 para top(01)
Mensaje X / 00:00:30:000 / top(01) / in /     31.00000 para subnet1(02)
Mensaje D / 00:00:30:000 / subnet1(02) / 00:00:02:182 para top(01)
Mensaje D / 00:00:30:000 / top(01) / 00:00:02:182 para Root(00)
Mensaje * / 00:00:32:182 / Root(00) para top(01)
Mensaje * / 00:00:32:182 / top(01) para subnet1(02)
Mensaje Y / 00:00:32:182 / subnet1(02) / out /     31.00000 para top(01)
Mensaje D / 00:00:32:182 / subnet1(02) / ... para top(01)
Mensaje Y / 00:00:32:182 / top(01) / out1 /     31.00000 para Root(00)
Mensaje D / 00:00:32:182 / top(01) / ... para Root(00)
Mensaje X / 00:00:35:000 / Root(00) / in2 /      1.00000 para top(01)
Mensaje X / 00:00:35:000 / top(01) / in /      1.00000 para subnet2(03)
Mensaje D / 00:00:35:000 / subnet2(03) / 00:00:03:160 para top(01)
Mensaje D / 00:00:35:000 / top(01) / 00:00:03:160 para Root(00)
Mensaje * / 00:00:38:160 / Root(00) para top(01)
Mensaje * / 00:00:38:160 / top(01) para subnet2(03)
Mensaje Y / 00:00:38:160 / subnet2(03) / out /      1.00000 para top(01)
Mensaje D / 00:00:38:160 / subnet2(03) / ... para top(01)
Mensaje Y / 00:00:38:160 / top(01) / out2 /      1.00000 para Root(00)
Mensaje D / 00:00:38:160 / top(01) / ... para Root(00)
Mensaje X / 00:00:40:000 / Root(00) / in1 /     40.00000 para top(01)
Mensaje X / 00:00:40:000 / top(01) / in /     40.00000 para subnet1(02)
Mensaje D / 00:00:40:000 / subnet1(02) / 00:00:03:849 para top(01)
Mensaje D / 00:00:40:000 / top(01) / 00:00:03:849 para Root(00)
Mensaje * / 00:00:43:849 / Root(00) para top(01)
Mensaje * / 00:00:43:849 / top(01) para subnet1(02)
Mensaje Y / 00:00:43:849 / subnet1(02) / out /     40.00000 para top(01)
Mensaje D / 00:00:43:849 / subnet1(02) / ... para top(01)
Mensaje Y / 00:00:43:849 / top(01) / out1 /     40.00000 para Root(00)
Mensaje D / 00:00:43:849 / top(01) / ... para Root(00)
Mensaje X / 00:00:45:000 / Root(00) / in2 /      0.00000 para top(01)
Mensaje X / 00:00:45:000 / top(01) / in /      0.00000 para subnet2(03)
Mensaje D / 00:00:45:000 / subnet2(03) / 00:00:03:655 para top(01)
Mensaje D / 00:00:45:000 / top(01) / 00:00:03:655 para Root(00)
Mensaje * / 00:00:48:655 / Root(00) para top(01)
Mensaje * / 00:00:48:655 / top(01) para subnet2(03)
Mensaje Y / 00:00:48:655 / subnet2(03) / out /      0.00000 para top(01)
Mensaje D / 00:00:48:655 / subnet2(03) / ... para top(01)
Mensaje Y / 00:00:48:655 / top(01) / out2 /      0.00000 para Root(00)
Mensaje D / 00:00:48:655 / top(01) / ... para Root(00)
Mensaje X / 00:00:50:000 / Root(00) / in1 /     51.00000 para top(01)
Mensaje X / 00:00:50:000 / top(01) / in /     51.00000 para subnet1(02)
Mensaje D / 00:00:50:000 / subnet1(02) / 00:00:03:446 para top(01)
Mensaje D / 00:00:50:000 / top(01) / 00:00:03:446 para Root(00)
Mensaje * / 00:00:53:446 / Root(00) para top(01)
Mensaje * / 00:00:53:446 / top(01) para subnet1(02)
Mensaje Y / 00:00:53:446 / subnet1(02) / out /     51.00000 para top(01)
Mensaje D / 00:00:53:446 / subnet1(02) / ... para top(01)
Mensaje Y / 00:00:53:446 / top(01) / out1 /     51.00000 para Root(00)
Mensaje D / 00:00:53:446 / top(01) / ... para Root(00)
Mensaje X / 00:00:55:000 / Root(00) / in2 /      1.00000 para top(01)
Mensaje X / 00:00:55:000 / top(01) / in /      1.00000 para subnet2(03)
Mensaje D / 00:00:55:000 / subnet2(03) / 00:00:02:830 para top(01)
Mensaje D / 00:00:55:000 / top(01) / 00:00:02:830 para Root(00)
Mensaje * / 00:00:57:830 / Root(00) para top(01)
Mensaje * / 00:00:57:830 / top(01) para subnet2(03)
Mensaje Y / 00:00:57:830 / subnet2(03) / out /      1.00000 para top(01)
Mensaje D / 00:00:57:830 / subnet2(03) / ... para top(01)
Mensaje Y / 00:00:57:830 / top(01) / out2 /      1.00000 para Root(00)
Mensaje D / 00:00:57:830 / top(01) / ... para Root(00)
Mensaje X / 00:01:10:000 / Root(00) / in1 /     60.00000 para top(01)
Mensaje X / 00:01:10:000 / top(01) / in /     60.00000 para subnet1(02)
Mensaje D / 00:01:10:000 / subnet1(02) / 00:00:02:400 para top(01)
Mensaje D / 00:01:10:000 / top(01) / 00:00:02:400 para Root(00)
Mensaje * / 00:01:12:400 / Root(00) para top(01)
Mensaje * / 00:01:12:400 / top(01) para subnet1(02)
Mensaje Y / 00:01:12:400 / subnet1(02) / out /     60.00000 para top(01)
Mensaje D / 00:01:12:400 / subnet1(02) / ... para top(01)
Mensaje Y / 00:01:12:400 / top(01) / out1 /     60.00000 para Root(00)
Mensaje D / 00:01:12:400 / top(01) / ... para Root(00)
Mensaje X / 00:01:15:000 / Root(00) / in2 /      0.00000 para top(01)
Mensaje X / 00:01:15:000 / top(01) / in /      0.00000 para subnet2(03)
Mensaje D / 00:01:15:000 / subnet2(03) / 00:00:03:687 para top(01)
Mensaje D / 00:01:15:000 / top(01) / 00:00:03:687 para Root(00)
Mensaje * / 00:01:18:687 / Root(00) para top(01)
Mensaje * / 00:01:18:687 / top(01) para subnet2(03)
Mensaje Y / 00:01:18:687 / subnet2(03) / out /      0.00000 para top(01)
Mensaje D / 00:01:18:687 / subnet2(03) / ... para top(01)
Mensaje Y / 00:01:18:687 / top(01) / out2 /      0.00000 para Root(00)
Mensaje D / 00:01:18:687 / top(01) / ... para Root(00)
Mensaje X / 00:01:20:000 / Root(00) / in1 /     71.00000 para top(01)
Mensaje X / 00:01:20:000 / top(01) / in /     71.00000 para subnet1(02)
Mensaje D / 00:01:20:000 / subnet1(02) / 00:00:01:055 para top(01)
Mensaje D / 00:01:20:000 / top(01) / 00:00:01:055 para Root(00)
Mensaje * / 00:01:21:055 / Root(00) para top(01)
Mensaje * / 00:01:21:055 / top(01) para subnet1(02)
Mensaje Y / 00:01:21:055 / subnet1(02) / out /     71.00000 para top(01)
Mensaje D / 00:01:21:055 / subnet1(02) / ... para top(01)
Mensaje Y / 00:01:21:055 / top(01) / out1 /     71.00000 para Root(00)
Mensaje D / 00:01:21:055 / top(01) / ... para Root(00)
Mensaje X / 00:01:25:000 / Root(00) / in2 /      1.00000 para top(01)
Mensaje X / 00:01:25:000 / top(01) / in /      1.00000 para subnet2(03)
Mensaje D / 00:01:25:000 / subnet2(03) / 00:00:03:678 para top(01)
Mensaje D / 00:01:25:000 / top(01) / 00:00:03:678 para Root(00)
Mensaje * / 00:01:28:678 / Root(00) para top(01)
Mensaje * / 00:01:28:678 / top(01) para subnet2(03)
Mensaje Y / 00:01:28:678 / subnet2(03) / out /      1.00000 para top(01)
Mensaje D / 00:01:28:678 / subnet2(03) / ... para top(01)
Mensaje Y / 00:01:28:678 / top(01) / out2 /      1.00000 para Root(00)
Mensaje D / 00:01:28:678 / top(01) / ... para Root(00)
Mensaje X / 00:01:30:000 / Root(00) / in1 /     80.00000 para top(01)
Mensaje X / 00:01:30:000 / top(01) / in /     80.00000 para subnet1(02)
Mensaje D / 00:01:30:000 / subnet1(02) / 00:00:03:679 para top(01)
Mensaje D / 00:01:30:000 / top(01) / 00:00:03:679 para Root(00)
Mensaje * / 00:01:33:679 / Root(00) para top(01)
Mensaje * / 00:01:33:679 / top(01) para subnet1(02)
Mensaje Y / 00:01:33:679 / subnet1(02) / out /     80.00000 para top(01)
Mensaje D / 00:01:33:679 / subnet1(02) / ... para top(01)
Mensaje Y / 00:01:33:679 / top(01) / out1 /     80.00000 para Root(00)
Mensaje D / 00:01:33:679 / top(01) / ... para Root(00)
Mensaje X / 00:01:35:000 / Root(00) / in2 /      0.00000 para top(01)
Mensaje X / 00:01:35:000 / top(01) / in /      0.00000 para subnet2(03)
Mensaje D / 00:01:35:000 / subnet2(03) / 00:00:04:759 para top(01)
Mensaje D / 00:01:35:000 / top(01) / 00:00:04:759 para Root(00)
Mensaje * / 00:01:39:759 / Root(00) para top(01)
Mensaje * / 00:01:39:759 / top(01) para subnet2(03)
Mensaje Y / 00:01:39:759 / subnet2(03) / out /      0.00000 para top(01)
Mensaje D / 00:01:39:759 / subnet2(03) / ... para top(01)
Mensaje Y / 00:01:39:759 / top(01) / out2 /      0.00000 para Root(00)
Mensaje D / 00:01:39:759 / top(01) / ... para Root(00)
Mensaje X / 00:01:40:000 / Root(00) / in1 /     91.00000 para top(01)
Mensaje X / 00:01:40:000 / top(01) / in /     91.00000 para subnet1(02)
Mensaje D / 00:01:40:000 / subnet1(02) / 00:00:03:084 para top(01)
Mensaje D / 00:01:40:000 / top(01) / 00:00:03:084 para Root(00)
Mensaje * / 00:01:43:084 / Root(00) para top(01)
Mensaje * / 00:01:43:084 / top(01) para subnet1(02)
Mensaje Y / 00:01:43:084 / subnet1(02) / out /     91.00000 para top(01)
Mensaje D / 00:01:43:084 / subnet1(02) / ... para top(01)
Mensaje Y / 00:01:43:084 / top(01) / out1 /     91.00000 para Root(00)
Mensaje D / 00:01:43:084 / top(01) / ... para Root(00)
Mensaje X / 00:01:45:000 / Root(00) / in2 /      1.00000 para top(01)
Mensaje X / 00:01:45:000 / top(01) / in /      1.00000 para subnet2(03)
Mensaje D / 00:01:45:000 / subnet2(03) / 00:00:02:533 para top(01)
Mensaje D / 00:01:45:000 / top(01) / 00:00:02:533 para Root(00)
Mensaje * / 00:01:47:533 / Root(00) para top(01)
Mensaje * / 00:01:47:533 / top(01) para subnet2(03)
Mensaje Y / 00:01:47:533 / subnet2(03) / out /      1.00000 para top(01)
Mensaje D / 00:01:47:533 / subnet2(03) / ... para top(01)
Mensaje Y / 00:01:47:533 / top(01) / out2 /      1.00000 para Root(00)
Mensaje D / 00:01:47:533 / top(01) / ... para Root(00)
Mensaje X / 00:01:50:000 / Root(00) / in1 /    100.00000 para top(01)
Mensaje X / 00:01:50:000 / top(01) / in /    100.00000 para subnet1(02)
Mensaje D / 00:01:50:000 / subnet1(02) / 00:00:01:704 para top(01)
Mensaje D / 00:01:50:000 / top(01) / 00:00:01:704 para Root(00)
Mensaje * / 00:01:51:704 / Root(00) para top(01)
Mensaje * / 00:01:51:704 / top(01) para subnet1(02)
Mensaje Y / 00:01:51:704 / subnet1(02) / out /    100.00000 para top(01)
Mensaje D / 00:01:51:704 / subnet1(02) / ... para top(01)
Mensaje Y / 00:01:51:704 / top(01) / out1 /    100.00000 para Root(00)
Mensaje D / 00:01:51:704 / top(01) / ... para Root(00)
Mensaje X / 00:01:55:000 / Root(00) / in2 /      0.00000 para top(01)
Mensaje X / 00:01:55:000 / top(01) / in /      0.00000 para subnet2(03)
Mensaje D / 00:01:55:000 / subnet2(03) / 00:00:02:419 para top(01)
Mensaje D / 00:01:55:000 / top(01) / 00:00:02:419 para Root(00)
Mensaje * / 00:01:57:419 / Root(00) para top(01)
Mensaje * / 00:01:57:419 / top(01) para subnet2(03)
Mensaje Y / 00:01:57:419 / subnet2(03) / out /      0.00000 para top(01)
Mensaje D / 00:01:57:419 / subnet2(03) / ... para top(01)
Mensaje Y / 00:01:57:419 / top(01) / out2 /      0.00000 para Root(00)
Mensaje D / 00:01:57:419 / top(01) / ... para Root(00)
