Mensaje I / 00:00:00:000 / Root(00) para top(01)
Mensaje I / 00:00:00:000 / top(01) para fileserversender(02)
Mensaje D / 00:00:00:000 / fileserversender(02) / ... para top(01)
Mensaje D / 00:00:00:000 / top(01) / ... para Root(00)
Mensaje X / 00:00:00:000 / Root(00) / requestin /     10.00000 para top(01)
Mensaje X / 00:00:00:000 / top(01) / requestin /     10.00000 para fileserversender(02)
Mensaje D / 00:00:00:000 / fileserversender(02) / 00:00:00:000 para top(01)
Mensaje D / 00:00:00:000 / top(01) / 00:00:00:000 para Root(00)
Mensaje * / 00:00:00:000 / Root(00) para top(01)
Mensaje * / 00:00:00:000 / top(01) para fileserversender(02)
Mensaje Y / 00:00:00:000 / fileserversender(02) / requestdata /      1.00000 para top(01)
Mensaje D / 00:00:00:000 / fileserversender(02) / 00:00:10:000 para top(01)
Mensaje Y / 00:00:00:000 / top(01) / requestdata /      1.00000 para Root(00)
Mensaje D / 00:00:00:000 / top(01) / 00:00:10:000 para Root(00)
Mensaje X / 00:00:04:000 / Root(00) / datain /      1.00000 para top(01)
Mensaje X / 00:00:04:000 / top(01) / datain /      1.00000 para fileserversender(02)
Mensaje D / 00:00:04:000 / fileserversender(02) / 00:00:10:000 para top(01)
Mensaje D / 00:00:04:000 / top(01) / 00:00:10:000 para Root(00)
Mensaje * / 00:00:14:000 / Root(00) para top(01)
Mensaje * / 00:00:14:000 / top(01) para fileserversender(02)
Mensaje Y / 00:00:14:000 / fileserversender(02) / dataout /     11.00000 para top(01)
Mensaje Y / 00:00:14:000 / fileserversender(02) / filesent /      1.00000 para top(01)
Mensaje D / 00:00:14:000 / fileserversender(02) / 00:00:10:000 para top(01)
Mensaje Y / 00:00:14:000 / top(01) / dataout /     11.00000 para Root(00)
Mensaje Y / 00:00:14:000 / top(01) / filesent /      1.00000 para Root(00)
Mensaje D / 00:00:14:000 / top(01) / 00:00:10:000 para Root(00)
Mensaje X / 00:00:16:000 / Root(00) / ackin /      1.00000 para top(01)
Mensaje X / 00:00:16:000 / top(01) / ackin /      1.00000 para fileserversender(02)
Mensaje D / 00:00:16:000 / fileserversender(02) / 00:00:00:000 para top(01)
Mensaje D / 00:00:16:000 / top(01) / 00:00:00:000 para Root(00)
Mensaje * / 00:00:16:000 / Root(00) para top(01)
Mensaje * / 00:00:16:000 / top(01) para fileserversender(02)
Mensaje Y / 00:00:16:000 / fileserversender(02) / ackreceived /      1.00000 para top(01)
Mensaje D / 00:00:16:000 / fileserversender(02) / ... para top(01)
Mensaje Y / 00:00:16:000 / top(01) / ackreceived /      1.00000 para Root(00)
Mensaje D / 00:00:16:000 / top(01) / ... para Root(00)
Mensaje X / 00:00:18:000 / Root(00) / datain /      2.00000 para top(01)
Mensaje X / 00:00:18:000 / top(01) / datain /      2.00000 para fileserversender(02)
Mensaje D / 00:00:18:000 / fileserversender(02) / 00:00:10:000 para top(01)
Mensaje D / 00:00:18:000 / top(01) / 00:00:10:000 para Root(00)
Mensaje * / 00:00:28:000 / Root(00) para top(01)
Mensaje * / 00:00:28:000 / top(01) para fileserversender(02)
Mensaje Y / 00:00:28:000 / fileserversender(02) / dataout /     20.00000 para top(01)
Mensaje Y / 00:00:28:000 / fileserversender(02) / filesent /      2.00000 para top(01)
Mensaje D / 00:00:28:000 / fileserversender(02) / 00:00:10:000 para top(01)
Mensaje Y / 00:00:28:000 / top(01) / dataout /     20.00000 para Root(00)
Mensaje Y / 00:00:28:000 / top(01) / filesent /      2.00000 para Root(00)
Mensaje D / 00:00:28:000 / top(01) / 00:00:10:000 para Root(00)
Mensaje * / 00:00:38:000 / Root(00) para top(01)
Mensaje * / 00:00:38:000 / top(01) para fileserversender(02)
Mensaje D / 00:00:38:000 / fileserversender(02) / 00:00:10:000 para top(01)
Mensaje D / 00:00:38:000 / top(01) / 00:00:10:000 para Root(00)
Mensaje * / 00:00:48:000 / Root(00) para top(01)
Mensaje * / 00:00:48:000 / top(01) para fileserversender(02)
Mensaje Y / 00:00:48:000 / fileserversender(02) / dataout /     20.00000 para top(01)
Mensaje Y / 00:00:48:000 / fileserversender(02) / filesent /      2.00000 para top(01)
Mensaje D / 00:00:48:000 / fileserversender(02) / 00:00:10:000 para top(01)
Mensaje Y / 00:00:48:000 / top(01) / dataout /     20.00000 para Root(00)
Mensaje Y / 00:00:48:000 / top(01) / filesent /      2.00000 para Root(00)
Mensaje D / 00:00:48:000 / top(01) / 00:00:10:000 para Root(00)
Mensaje * / 00:00:58:000 / Root(00) para top(01)
Mensaje * / 00:00:58:000 / top(01) para fileserversender(02)
Mensaje D / 00:00:58:000 / fileserversender(02) / 00:00:10:000 para top(01)
Mensaje D / 00:00:58:000 / top(01) / 00:00:10:000 para Root(00)
Mensaje X / 00:01:06:000 / Root(00) / ackin /      1.00000 para top(01)
Mensaje X / 00:01:06:000 / top(01) / ackin /      1.00000 para fileserversender(02)
Mensaje D / 00:01:06:000 / fileserversender(02) / 00:00:02:000 para top(01)
Mensaje D / 00:01:06:000 / top(01) / 00:00:02:000 para Root(00)
Mensaje * / 00:01:08:000 / Root(00) para top(01)
Mensaje * / 00:01:08:000 / top(01) para fileserversender(02)
Mensaje Y / 00:01:08:000 / fileserversender(02) / dataout /     20.00000 para top(01)
Mensaje Y / 00:01:08:000 / fileserversender(02) / filesent /      2.00000 para top(01)
Mensaje D / 00:01:08:000 / fileserversender(02) / 00:00:10:000 para top(01)
Mensaje Y / 00:01:08:000 / top(01) / dataout /     20.00000 para Root(00)
Mensaje Y / 00:01:08:000 / top(01) / filesent /      2.00000 para Root(00)
Mensaje D / 00:01:08:000 / top(01) / 00:00:10:000 para Root(00)
Mensaje * / 00:01:18:000 / Root(00) para top(01)
Mensaje * / 00:01:18:000 / top(01) para fileserversender(02)
Mensaje D / 00:01:18:000 / fileserversender(02) / 00:00:10:000 para top(01)
Mensaje D / 00:01:18:000 / top(01) / 00:00:10:000 para Root(00)
Mensaje * / 00:01:28:000 / Root(00) para top(01)
Mensaje * / 00:01:28:000 / top(01) para fileserversender(02)
Mensaje Y / 00:01:28:000 / fileserversender(02) / dataout /     20.00000 para top(01)
Mensaje Y / 00:01:28:000 / fileserversender(02) / filesent /      2.00000 para top(01)
Mensaje D / 00:01:28:000 / fileserversender(02) / 00:00:10:000 para top(01)
Mensaje Y / 00:01:28:000 / top(01) / dataout /     20.00000 para Root(00)
Mensaje Y / 00:01:28:000 / top(01) / filesent /      2.00000 para Root(00)
Mensaje D / 00:01:28:000 / top(01) / 00:00:10:000 para Root(00)
Mensaje * / 00:01:38:000 / Root(00) para top(01)
Mensaje * / 00:01:38:000 / top(01) para fileserversender(02)
Mensaje D / 00:01:38:000 / fileserversender(02) / 00:00:10:000 para top(01)
Mensaje D / 00:01:38:000 / top(01) / 00:00:10:000 para Root(00)
Mensaje X / 00:01:47:000 / Root(00) / datain /      3.00000 para top(01)
Mensaje X / 00:01:47:000 / top(01) / datain /      3.00000 para fileserversender(02)
Mensaje D / 00:01:47:000 / fileserversender(02) / 00:00:10:000 para top(01)
Mensaje D / 00:01:47:000 / top(01) / 00:00:10:000 para Root(00)
Mensaje * / 00:01:57:000 / Root(00) para top(01)
Mensaje * / 00:01:57:000 / top(01) para fileserversender(02)
Mensaje Y / 00:01:57:000 / fileserversender(02) / dataout /     31.00000 para top(01)
Mensaje Y / 00:01:57:000 / fileserversender(02) / filesent /      3.00000 para top(01)
Mensaje D / 00:01:57:000 / fileserversender(02) / 00:00:10:000 para top(01)
Mensaje Y / 00:01:57:000 / top(01) / dataout /     31.00000 para Root(00)
Mensaje Y / 00:01:57:000 / top(01) / filesent /      3.00000 para Root(00)
Mensaje D / 00:01:57:000 / top(01) / 00:00:10:000 para Root(00)
Mensaje X / 00:01:58:000 / Root(00) / ackin /      1.00000 para top(01)
Mensaje X / 00:01:58:000 / top(01) / ackin /      1.00000 para fileserversender(02)
Mensaje D / 00:01:58:000 / fileserversender(02) / 00:00:00:000 para top(01)
Mensaje D / 00:01:58:000 / top(01) / 00:00:00:000 para Root(00)
Mensaje * / 00:01:58:000 / Root(00) para top(01)
Mensaje * / 00:01:58:000 / top(01) para fileserversender(02)
Mensaje Y / 00:01:58:000 / fileserversender(02) / ackreceived /      1.00000 para top(01)
Mensaje D / 00:01:58:000 / fileserversender(02) / ... para top(01)
Mensaje Y / 00:01:58:000 / top(01) / ackreceived /      1.00000 para Root(00)
Mensaje D / 00:01:58:000 / top(01) / ... para Root(00)
Mensaje X / 00:01:59:000 / Root(00) / datain /      4.00000 para top(01)
Mensaje X / 00:01:59:000 / top(01) / datain /      4.00000 para fileserversender(02)
Mensaje D / 00:01:59:000 / fileserversender(02) / 00:00:10:000 para top(01)
Mensaje D / 00:01:59:000 / top(01) / 00:00:10:000 para Root(00)
Mensaje * / 00:02:09:000 / Root(00) para top(01)
Mensaje * / 00:02:09:000 / top(01) para fileserversender(02)
Mensaje Y / 00:02:09:000 / fileserversender(02) / dataout /     40.00000 para top(01)
Mensaje Y / 00:02:09:000 / fileserversender(02) / filesent /      4.00000 para top(01)
Mensaje D / 00:02:09:000 / fileserversender(02) / 00:00:10:000 para top(01)
Mensaje Y / 00:02:09:000 / top(01) / dataout /     40.00000 para Root(00)
Mensaje Y / 00:02:09:000 / top(01) / filesent /      4.00000 para Root(00)
Mensaje D / 00:02:09:000 / top(01) / 00:00:10:000 para Root(00)
Mensaje X / 00:02:13:000 / Root(00) / ackin /      1.00000 para top(01)
Mensaje X / 00:02:13:000 / top(01) / ackin /      1.00000 para fileserversender(02)
Mensaje D / 00:02:13:000 / fileserversender(02) / 00:00:06:000 para top(01)
Mensaje D / 00:02:13:000 / top(01) / 00:00:06:000 para Root(00)
Mensaje * / 00:02:19:000 / Root(00) para top(01)
Mensaje * / 00:02:19:000 / top(01) para fileserversender(02)
Mensaje D / 00:02:19:000 / fileserversender(02) / 00:00:10:000 para top(01)
Mensaje D / 00:02:19:000 / top(01) / 00:00:10:000 para Root(00)
Mensaje * / 00:02:29:000 / Root(00) para top(01)
Mensaje * / 00:02:29:000 / top(01) para fileserversender(02)
Mensaje Y / 00:02:29:000 / fileserversender(02) / dataout /     40.00000 para top(01)
Mensaje Y / 00:02:29:000 / fileserversender(02) / filesent /      4.00000 para top(01)
Mensaje D / 00:02:29:000 / fileserversender(02) / 00:00:10:000 para top(01)
Mensaje Y / 00:02:29:000 / top(01) / dataout /     40.00000 para Root(00)
Mensaje Y / 00:02:29:000 / top(01) / filesent /      4.00000 para Root(00)
Mensaje D / 00:02:29:000 / top(01) / 00:00:10:000 para Root(00)
Mensaje * / 00:02:39:000 / Root(00) para top(01)
Mensaje * / 00:02:39:000 / top(01) para fileserversender(02)
Mensaje D / 00:02:39:000 / fileserversender(02) / 00:00:10:000 para top(01)
Mensaje D / 00:02:39:000 / top(01) / 00:00:10:000 para Root(00)
Mensaje X / 00:02:43:000 / Root(00) / datain /      5.00000 para top(01)
Mensaje X / 00:02:43:000 / top(01) / datain /      5.00000 para fileserversender(02)
Mensaje D / 00:02:43:000 / fileserversender(02) / 00:00:10:000 para top(01)
Mensaje D / 00:02:43:000 / top(01) / 00:00:10:000 para Root(00)
Mensaje * / 00:02:53:000 / Root(00) para top(01)
Mensaje * / 00:02:53:000 / top(01) para fileserversender(02)
Mensaje Y / 00:02:53:000 / fileserversender(02) / dataout /     51.00000 para top(01)
Mensaje Y / 00:02:53:000 / fileserversender(02) / filesent /      5.00000 para top(01)
Mensaje D / 00:02:53:000 / fileserversender(02) / 00:00:10:000 para top(01)
Mensaje Y / 00:02:53:000 / top(01) / dataout /     51.00000 para Root(00)
Mensaje Y / 00:02:53:000 / top(01) / filesent /      5.00000 para Root(00)
Mensaje D / 00:02:53:000 / top(01) / 00:00:10:000 para Root(00)
Mensaje * / 00:03:03:000 / Root(00) para top(01)
Mensaje * / 00:03:03:000 / top(01) para fileserversender(02)
Mensaje D / 00:03:03:000 / fileserversender(02) / 00:00:10:000 para top(01)
Mensaje D / 00:03:03:000 / top(01) / 00:00:10:000 para Root(00)
Mensaje X / 00:03:13:000 / Root(00) / ackin /      1.00000 para top(01)
Mensaje X / 00:03:13:000 / top(01) / ackin /      1.00000 para fileserversender(02)
Mensaje D / 00:03:13:000 / fileserversender(02) / 00:00:00:000 para top(01)
Mensaje D / 00:03:13:000 / top(01) / 00:00:00:000 para Root(00)
Mensaje * / 00:03:13:000 / Root(00) para top(01)
Mensaje * / 00:03:13:000 / top(01) para fileserversender(02)
Mensaje Y / 00:03:13:000 / fileserversender(02) / ackreceived /      1.00000 para top(01)
Mensaje D / 00:03:13:000 / fileserversender(02) / ... para top(01)
Mensaje Y / 00:03:13:000 / top(01) / ackreceived /      1.00000 para Root(00)
Mensaje D / 00:03:13:000 / top(01) / ... para Root(00)
