Mensaje I / 00:00:00:000 / Root(00) para top(01)
Mensaje I / 00:00:00:000 / top(01) para tmpfilereadthread(02)
Mensaje I / 00:00:00:000 / top(01) para tmpfilewritethread(03)
Mensaje I / 00:00:00:000 / top(01) para fileserverreceiver(04)
Mensaje I / 00:00:00:000 / top(01) para fileserversender(05)
Mensaje D / 00:00:00:000 / tmpfilereadthread(02) / ... para top(01)
Mensaje D / 00:00:00:000 / tmpfilewritethread(03) / ... para top(01)
Mensaje D / 00:00:00:000 / fileserverreceiver(04) / ... para top(01)
Mensaje D / 00:00:00:000 / fileserversender(05) / ... para top(01)
Mensaje D / 00:00:00:000 / top(01) / ... para Root(00)
Mensaje X / 00:00:10:000 / Root(00) / inatof /     11.00000 para top(01)
Mensaje X / 00:00:10:000 / top(01) / in /     11.00000 para fileserverreceiver(04)
Mensaje D / 00:00:10:000 / fileserverreceiver(04) / 00:00:10:000 para top(01)
Mensaje D / 00:00:10:000 / top(01) / 00:00:10:000 para Root(00)
Mensaje * / 00:00:20:000 / Root(00) para top(01)
Mensaje * / 00:00:20:000 / top(01) para fileserverreceiver(04)
Mensaje Y / 00:00:20:000 / fileserverreceiver(04) / out /      1.00000 para top(01)
Mensaje Y / 00:00:20:000 / fileserverreceiver(04) / outdata /      1.00000 para top(01)
Mensaje D / 00:00:20:000 / fileserverreceiver(04) / ... para top(01)
Mensaje Y / 00:00:20:000 / top(01) / outftoa /      1.00000 para Root(00)
Mensaje X / 00:00:20:000 / top(01) / storedata /      1.00000 para tmpfilewritethread(03)
Mensaje D / 00:00:20:000 / tmpfilewritethread(03) / 00:00:00:000 para top(01)
Mensaje D / 00:00:20:000 / top(01) / 00:00:00:000 para Root(00)
Mensaje * / 00:00:20:000 / Root(00) para top(01)
Mensaje * / 00:00:20:000 / top(01) para tmpfilewritethread(03)
Mensaje Y / 00:00:20:000 / tmpfilewritethread(03) / dataout /      1.00000 para top(01)
Mensaje D / 00:00:20:000 / tmpfilewritethread(03) / ... para top(01)
Mensaje D / 00:00:20:000 / top(01) / ... para Root(00)
Mensaje X / 00:01:12:000 / Root(00) / inatof /     20.00000 para top(01)
Mensaje X / 00:01:12:000 / top(01) / in /     20.00000 para fileserverreceiver(04)
Mensaje D / 00:01:12:000 / fileserverreceiver(04) / 00:00:10:000 para top(01)
Mensaje D / 00:01:12:000 / top(01) / 00:00:10:000 para Root(00)
Mensaje * / 00:01:22:000 / Root(00) para top(01)
Mensaje * / 00:01:22:000 / top(01) para fileserverreceiver(04)
Mensaje Y / 00:01:22:000 / fileserverreceiver(04) / out /      0.00000 para top(01)
Mensaje Y / 00:01:22:000 / fileserverreceiver(04) / outdata /      2.00000 para top(01)
Mensaje D / 00:01:22:000 / fileserverreceiver(04) / ... para top(01)
Mensaje Y / 00:01:22:000 / top(01) / outftoa /      0.00000 para Root(00)
Mensaje X / 00:01:22:000 / top(01) / storedata /      2.00000 para tmpfilewritethread(03)
Mensaje D / 00:01:22:000 / tmpfilewritethread(03) / 00:00:00:000 para top(01)
Mensaje D / 00:01:22:000 / top(01) / 00:00:00:000 para Root(00)
Mensaje * / 00:01:22:000 / Root(00) para top(01)
Mensaje * / 00:01:22:000 / top(01) para tmpfilewritethread(03)
Mensaje Y / 00:01:22:000 / tmpfilewritethread(03) / dataout /      2.00000 para top(01)
Mensaje D / 00:01:22:000 / tmpfilewritethread(03) / ... para top(01)
Mensaje D / 00:01:22:000 / top(01) / ... para Root(00)
Mensaje X / 00:02:14:000 / Root(00) / inatof /     20.00000 para top(01)
Mensaje X / 00:02:14:000 / top(01) / in /     20.00000 para fileserverreceiver(04)
Mensaje D / 00:02:14:000 / fileserverreceiver(04) / 00:00:10:000 para top(01)
Mensaje D / 00:02:14:000 / top(01) / 00:00:10:000 para Root(00)
Mensaje * / 00:02:24:000 / Root(00) para top(01)
Mensaje * / 00:02:24:000 / top(01) para fileserverreceiver(04)
Mensaje Y / 00:02:24:000 / fileserverreceiver(04) / out /      0.00000 para top(01)
Mensaje Y / 00:02:24:000 / fileserverreceiver(04) / outdata /      2.00000 para top(01)
Mensaje D / 00:02:24:000 / fileserverreceiver(04) / ... para top(01)
Mensaje Y / 00:02:24:000 / top(01) / outftoa /      0.00000 para Root(00)
Mensaje X / 00:02:24:000 / top(01) / storedata /      2.00000 para tmpfilewritethread(03)
Mensaje D / 00:02:24:000 / tmpfilewritethread(03) / 00:00:00:000 para top(01)
Mensaje D / 00:02:24:000 / top(01) / 00:00:00:000 para Root(00)
Mensaje * / 00:02:24:000 / Root(00) para top(01)
Mensaje * / 00:02:24:000 / top(01) para tmpfilewritethread(03)
Mensaje D / 00:02:24:000 / tmpfilewritethread(03) / ... para top(01)
Mensaje D / 00:02:24:000 / top(01) / ... para Root(00)
Mensaje X / 00:03:15:010 / Root(00) / inatof /     20.00000 para top(01)
Mensaje X / 00:03:15:010 / top(01) / in /     20.00000 para fileserverreceiver(04)
Mensaje D / 00:03:15:010 / fileserverreceiver(04) / 00:00:10:000 para top(01)
Mensaje D / 00:03:15:010 / top(01) / 00:00:10:000 para Root(00)
Mensaje * / 00:03:25:010 / Root(00) para top(01)
Mensaje * / 00:03:25:010 / top(01) para fileserverreceiver(04)
Mensaje Y / 00:03:25:010 / fileserverreceiver(04) / out /      0.00000 para top(01)
Mensaje Y / 00:03:25:010 / fileserverreceiver(04) / outdata /      2.00000 para top(01)
Mensaje D / 00:03:25:010 / fileserverreceiver(04) / ... para top(01)
Mensaje Y / 00:03:25:010 / top(01) / outftoa /      0.00000 para Root(00)
Mensaje X / 00:03:25:010 / top(01) / storedata /      2.00000 para tmpfilewritethread(03)
Mensaje D / 00:03:25:010 / tmpfilewritethread(03) / 00:00:00:000 para top(01)
Mensaje D / 00:03:25:010 / top(01) / 00:00:00:000 para Root(00)
Mensaje * / 00:03:25:010 / Root(00) para top(01)
Mensaje * / 00:03:25:010 / top(01) para tmpfilewritethread(03)
Mensaje D / 00:03:25:010 / tmpfilewritethread(03) / ... para top(01)
Mensaje D / 00:03:25:010 / top(01) / ... para Root(00)
Mensaje X / 00:04:16:020 / Root(00) / inatof /     31.00000 para top(01)
Mensaje X / 00:04:16:020 / top(01) / in /     31.00000 para fileserverreceiver(04)
Mensaje D / 00:04:16:020 / fileserverreceiver(04) / 00:00:10:000 para top(01)
Mensaje D / 00:04:16:020 / top(01) / 00:00:10:000 para Root(00)
Mensaje * / 00:04:26:020 / Root(00) para top(01)
Mensaje * / 00:04:26:020 / top(01) para fileserverreceiver(04)
Mensaje Y / 00:04:26:020 / fileserverreceiver(04) / out /      1.00000 para top(01)
Mensaje Y / 00:04:26:020 / fileserverreceiver(04) / outdata /      3.00000 para top(01)
Mensaje D / 00:04:26:020 / fileserverreceiver(04) / ... para top(01)
Mensaje Y / 00:04:26:020 / top(01) / outftoa /      1.00000 para Root(00)
Mensaje X / 00:04:26:020 / top(01) / storedata /      3.00000 para tmpfilewritethread(03)
Mensaje D / 00:04:26:020 / tmpfilewritethread(03) / 00:00:00:000 para top(01)
Mensaje D / 00:04:26:020 / top(01) / 00:00:00:000 para Root(00)
Mensaje * / 00:04:26:020 / Root(00) para top(01)
Mensaje * / 00:04:26:020 / top(01) para tmpfilewritethread(03)
Mensaje Y / 00:04:26:020 / tmpfilewritethread(03) / dataout /      3.00000 para top(01)
Mensaje D / 00:04:26:020 / tmpfilewritethread(03) / ... para top(01)
Mensaje D / 00:04:26:020 / top(01) / ... para Root(00)
Mensaje X / 00:05:17:030 / Root(00) / inatof /     31.00000 para top(01)
Mensaje X / 00:05:17:030 / top(01) / in /     31.00000 para fileserverreceiver(04)
Mensaje D / 00:05:17:030 / fileserverreceiver(04) / 00:00:10:000 para top(01)
Mensaje D / 00:05:17:030 / top(01) / 00:00:10:000 para Root(00)
Mensaje * / 00:05:27:030 / Root(00) para top(01)
Mensaje * / 00:05:27:030 / top(01) para fileserverreceiver(04)
Mensaje Y / 00:05:27:030 / fileserverreceiver(04) / out /      1.00000 para top(01)
Mensaje Y / 00:05:27:030 / fileserverreceiver(04) / outdata /      3.00000 para top(01)
Mensaje D / 00:05:27:030 / fileserverreceiver(04) / ... para top(01)
Mensaje Y / 00:05:27:030 / top(01) / outftoa /      1.00000 para Root(00)
Mensaje X / 00:05:27:030 / top(01) / storedata /      3.00000 para tmpfilewritethread(03)
Mensaje D / 00:05:27:030 / tmpfilewritethread(03) / 00:00:00:000 para top(01)
Mensaje D / 00:05:27:030 / top(01) / 00:00:00:000 para Root(00)
Mensaje * / 00:05:27:030 / Root(00) para top(01)
Mensaje * / 00:05:27:030 / top(01) para tmpfilewritethread(03)
Mensaje D / 00:05:27:030 / tmpfilewritethread(03) / ... para top(01)
Mensaje D / 00:05:27:030 / top(01) / ... para Root(00)
Mensaje X / 00:06:18:000 / Root(00) / requestin /      1.00000 para top(01)
Mensaje X / 00:06:18:000 / top(01) / requestin /      1.00000 para fileserversender(05)
Mensaje D / 00:06:18:000 / fileserversender(05) / 00:00:00:000 para top(01)
Mensaje D / 00:06:18:000 / top(01) / 00:00:00:000 para Root(00)
Mensaje * / 00:06:18:000 / Root(00) para top(01)
Mensaje * / 00:06:18:000 / top(01) para fileserversender(05)
Mensaje Y / 00:06:18:000 / fileserversender(05) / requestdata /      1.00000 para top(01)
Mensaje D / 00:06:18:000 / fileserversender(05) / 00:00:20:000 para top(01)
Mensaje X / 00:06:18:000 / top(01) / requestdata /      1.00000 para tmpfilereadthread(02)
Mensaje D / 00:06:18:000 / tmpfilereadthread(02) / 00:00:00:000 para top(01)
Mensaje D / 00:06:18:000 / top(01) / 00:00:00:000 para Root(00)
Mensaje * / 00:06:18:000 / Root(00) para top(01)
Mensaje * / 00:06:18:000 / top(01) para tmpfilereadthread(02)
Mensaje Y / 00:06:18:000 / tmpfilereadthread(02) / dataout /      1.00000 para top(01)
Mensaje D / 00:06:18:000 / tmpfilereadthread(02) / ... para top(01)
Mensaje X / 00:06:18:000 / top(01) / datain /      1.00000 para fileserversender(05)
Mensaje D / 00:06:18:000 / fileserversender(05) / 00:00:10:000 para top(01)
Mensaje D / 00:06:18:000 / top(01) / 00:00:10:000 para Root(00)
Mensaje * / 00:06:28:000 / Root(00) para top(01)
Mensaje * / 00:06:28:000 / top(01) para fileserversender(05)
Mensaje Y / 00:06:28:000 / fileserversender(05) / dataout /     11.00000 para top(01)
Mensaje Y / 00:06:28:000 / fileserversender(05) / filesent /      1.00000 para top(01)
Mensaje D / 00:06:28:000 / fileserversender(05) / 00:00:20:000 para top(01)
Mensaje Y / 00:06:28:000 / top(01) / outftob /     11.00000 para Root(00)
Mensaje D / 00:06:28:000 / top(01) / 00:00:20:000 para Root(00)
Mensaje * / 00:06:48:000 / Root(00) para top(01)
Mensaje * / 00:06:48:000 / top(01) para fileserversender(05)
Mensaje D / 00:06:48:000 / fileserversender(05) / 00:00:10:000 para top(01)
Mensaje D / 00:06:48:000 / top(01) / 00:00:10:000 para Root(00)
Mensaje * / 00:06:58:000 / Root(00) para top(01)
Mensaje * / 00:06:58:000 / top(01) para fileserversender(05)
Mensaje Y / 00:06:58:000 / fileserversender(05) / dataout /     11.00000 para top(01)
Mensaje Y / 00:06:58:000 / fileserversender(05) / filesent /      1.00000 para top(01)
Mensaje D / 00:06:58:000 / fileserversender(05) / 00:00:20:000 para top(01)
Mensaje Y / 00:06:58:000 / top(01) / outftob /     11.00000 para Root(00)
Mensaje D / 00:06:58:000 / top(01) / 00:00:20:000 para Root(00)
Mensaje * / 00:07:18:000 / Root(00) para top(01)
Mensaje * / 00:07:18:000 / top(01) para fileserversender(05)
Mensaje D / 00:07:18:000 / fileserversender(05) / 00:00:10:000 para top(01)
Mensaje D / 00:07:18:000 / top(01) / 00:00:10:000 para Root(00)
Mensaje * / 00:07:28:000 / Root(00) para top(01)
Mensaje * / 00:07:28:000 / top(01) para fileserversender(05)
Mensaje Y / 00:07:28:000 / fileserversender(05) / dataout /     11.00000 para top(01)
Mensaje Y / 00:07:28:000 / fileserversender(05) / filesent /      1.00000 para top(01)
Mensaje D / 00:07:28:000 / fileserversender(05) / 00:00:20:000 para top(01)
Mensaje Y / 00:07:28:000 / top(01) / outftob /     11.00000 para Root(00)
Mensaje D / 00:07:28:000 / top(01) / 00:00:20:000 para Root(00)
Mensaje * / 00:07:48:000 / Root(00) para top(01)
Mensaje * / 00:07:48:000 / top(01) para fileserversender(05)
Mensaje D / 00:07:48:000 / fileserversender(05) / 00:00:10:000 para top(01)
Mensaje D / 00:07:48:000 / top(01) / 00:00:10:000 para Root(00)
Mensaje X / 00:07:58:000 / Root(00) / inbtof /      1.00000 para top(01)
Mensaje X / 00:07:58:000 / top(01) / ackin /      1.00000 para fileserversender(05)
Mensaje D / 00:07:58:000 / fileserversender(05) / 00:00:00:000 para top(01)
Mensaje D / 00:07:58:000 / top(01) / 00:00:00:000 para Root(00)
Mensaje * / 00:07:58:000 / Root(00) para top(01)
Mensaje * / 00:07:58:000 / top(01) para fileserversender(05)
Mensaje Y / 00:07:58:000 / fileserversender(05) / ackreceived /      1.00000 para top(01)
Mensaje D / 00:07:58:000 / fileserversender(05) / ... para top(01)
Mensaje X / 00:07:58:000 / top(01) / deletedata /      1.00000 para tmpfilereadthread(02)
Mensaje D / 00:07:58:000 / tmpfilereadthread(02) / 00:00:00:000 para top(01)
Mensaje D / 00:07:58:000 / top(01) / 00:00:00:000 para Root(00)
Mensaje * / 00:07:58:000 / Root(00) para top(01)
Mensaje * / 00:07:58:000 / top(01) para tmpfilereadthread(02)
Mensaje Y / 00:07:58:000 / tmpfilereadthread(02) / dataout /      0.00000 para top(01)
Mensaje D / 00:07:58:000 / tmpfilereadthread(02) / ... para top(01)
Mensaje X / 00:07:58:000 / top(01) / datain /      0.00000 para fileserversender(05)
Mensaje D / 00:07:58:000 / fileserversender(05) / 00:00:00:000 para top(01)
Mensaje D / 00:07:58:000 / top(01) / 00:00:00:000 para Root(00)
Mensaje * / 00:07:58:000 / Root(00) para top(01)
Mensaje * / 00:07:58:000 / top(01) para fileserversender(05)
Mensaje Y / 00:07:58:000 / fileserversender(05) / requestdata /      1.00000 para top(01)
Mensaje D / 00:07:58:000 / fileserversender(05) / 00:00:20:000 para top(01)
Mensaje X / 00:07:58:000 / top(01) / requestdata /      1.00000 para tmpfilereadthread(02)
Mensaje D / 00:07:58:000 / tmpfilereadthread(02) / 00:00:00:000 para top(01)
Mensaje D / 00:07:58:000 / top(01) / 00:00:00:000 para Root(00)
Mensaje * / 00:07:58:000 / Root(00) para top(01)
Mensaje * / 00:07:58:000 / top(01) para tmpfilereadthread(02)
Mensaje Y / 00:07:58:000 / tmpfilereadthread(02) / dataout /      2.00000 para top(01)
Mensaje D / 00:07:58:000 / tmpfilereadthread(02) / ... para top(01)
Mensaje X / 00:07:58:000 / top(01) / datain /      2.00000 para fileserversender(05)
Mensaje D / 00:07:58:000 / fileserversender(05) / 00:00:10:000 para top(01)
Mensaje D / 00:07:58:000 / top(01) / 00:00:10:000 para Root(00)
Mensaje * / 00:08:08:000 / Root(00) para top(01)
Mensaje * / 00:08:08:000 / top(01) para fileserversender(05)
Mensaje Y / 00:08:08:000 / fileserversender(05) / dataout /     20.00000 para top(01)
Mensaje Y / 00:08:08:000 / fileserversender(05) / filesent /      2.00000 para top(01)
Mensaje D / 00:08:08:000 / fileserversender(05) / 00:00:20:000 para top(01)
Mensaje Y / 00:08:08:000 / top(01) / outftob /     20.00000 para Root(00)
Mensaje D / 00:08:08:000 / top(01) / 00:00:20:000 para Root(00)
Mensaje * / 00:08:28:000 / Root(00) para top(01)
Mensaje * / 00:08:28:000 / top(01) para fileserversender(05)
Mensaje D / 00:08:28:000 / fileserversender(05) / 00:00:10:000 para top(01)
Mensaje D / 00:08:28:000 / top(01) / 00:00:10:000 para Root(00)
Mensaje * / 00:08:38:000 / Root(00) para top(01)
Mensaje * / 00:08:38:000 / top(01) para fileserversender(05)
Mensaje Y / 00:08:38:000 / fileserversender(05) / dataout /     20.00000 para top(01)
Mensaje Y / 00:08:38:000 / fileserversender(05) / filesent /      2.00000 para top(01)
Mensaje D / 00:08:38:000 / fileserversender(05) / 00:00:20:000 para top(01)
Mensaje Y / 00:08:38:000 / top(01) / outftob /     20.00000 para Root(00)
Mensaje D / 00:08:38:000 / top(01) / 00:00:20:000 para Root(00)
Mensaje X / 00:08:40:000 / Root(00) / inbtof /      0.00000 para top(01)
Mensaje X / 00:08:40:000 / top(01) / ackin /      0.00000 para fileserversender(05)
Mensaje D / 00:08:40:000 / fileserversender(05) / 00:00:00:000 para top(01)
Mensaje D / 00:08:40:000 / top(01) / 00:00:00:000 para Root(00)
Mensaje * / 00:08:40:000 / Root(00) para top(01)
Mensaje * / 00:08:40:000 / top(01) para fileserversender(05)
Mensaje Y / 00:08:40:000 / fileserversender(05) / ackreceived /      1.00000 para top(01)
Mensaje D / 00:08:40:000 / fileserversender(05) / ... para top(01)
Mensaje X / 00:08:40:000 / top(01) / deletedata /      1.00000 para tmpfilereadthread(02)
Mensaje D / 00:08:40:000 / tmpfilereadthread(02) / 00:00:00:000 para top(01)
Mensaje D / 00:08:40:000 / top(01) / 00:00:00:000 para Root(00)
Mensaje * / 00:08:40:000 / Root(00) para top(01)
Mensaje * / 00:08:40:000 / top(01) para tmpfilereadthread(02)
Mensaje Y / 00:08:40:000 / tmpfilereadthread(02) / dataout /      0.00000 para top(01)
Mensaje D / 00:08:40:000 / tmpfilereadthread(02) / ... para top(01)
Mensaje X / 00:08:40:000 / top(01) / datain /      0.00000 para fileserversender(05)
Mensaje D / 00:08:40:000 / fileserversender(05) / 00:00:00:000 para top(01)
Mensaje D / 00:08:40:000 / top(01) / 00:00:00:000 para Root(00)
Mensaje * / 00:08:40:000 / Root(00) para top(01)
Mensaje * / 00:08:40:000 / top(01) para fileserversender(05)
Mensaje Y / 00:08:40:000 / fileserversender(05) / requestdata /      1.00000 para top(01)
Mensaje D / 00:08:40:000 / fileserversender(05) / 00:00:20:000 para top(01)
Mensaje X / 00:08:40:000 / top(01) / requestdata /      1.00000 para tmpfilereadthread(02)
Mensaje D / 00:08:40:000 / tmpfilereadthread(02) / 00:00:00:000 para top(01)
Mensaje D / 00:08:40:000 / top(01) / 00:00:00:000 para Root(00)
Mensaje * / 00:08:40:000 / Root(00) para top(01)
Mensaje * / 00:08:40:000 / top(01) para tmpfilereadthread(02)
Mensaje Y / 00:08:40:000 / tmpfilereadthread(02) / dataout /      3.00000 para top(01)
Mensaje D / 00:08:40:000 / tmpfilereadthread(02) / ... para top(01)
Mensaje X / 00:08:40:000 / top(01) / datain /      3.00000 para fileserversender(05)
Mensaje D / 00:08:40:000 / fileserversender(05) / 00:00:10:000 para top(01)
Mensaje D / 00:08:40:000 / top(01) / 00:00:10:000 para Root(00)
Mensaje * / 00:08:50:000 / Root(00) para top(01)
Mensaje * / 00:08:50:000 / top(01) para fileserversender(05)
Mensaje Y / 00:08:50:000 / fileserversender(05) / dataout /     31.00000 para top(01)
Mensaje Y / 00:08:50:000 / fileserversender(05) / filesent /      3.00000 para top(01)
Mensaje D / 00:08:50:000 / fileserversender(05) / 00:00:20:000 para top(01)
Mensaje Y / 00:08:50:000 / top(01) / outftob /     31.00000 para Root(00)
Mensaje D / 00:08:50:000 / top(01) / 00:00:20:000 para Root(00)
Mensaje * / 00:09:10:000 / Root(00) para top(01)
Mensaje * / 00:09:10:000 / top(01) para fileserversender(05)
Mensaje D / 00:09:10:000 / fileserversender(05) / 00:00:10:000 para top(01)
Mensaje D / 00:09:10:000 / top(01) / 00:00:10:000 para Root(00)
Mensaje * / 00:09:20:000 / Root(00) para top(01)
Mensaje * / 00:09:20:000 / top(01) para fileserversender(05)
Mensaje Y / 00:09:20:000 / fileserversender(05) / dataout /     31.00000 para top(01)
Mensaje Y / 00:09:20:000 / fileserversender(05) / filesent /      3.00000 para top(01)
Mensaje D / 00:09:20:000 / fileserversender(05) / 00:00:20:000 para top(01)
Mensaje Y / 00:09:20:000 / top(01) / outftob /     31.00000 para Root(00)
Mensaje D / 00:09:20:000 / top(01) / 00:00:20:000 para Root(00)
Mensaje * / 00:09:40:000 / Root(00) para top(01)
Mensaje * / 00:09:40:000 / top(01) para fileserversender(05)
Mensaje D / 00:09:40:000 / fileserversender(05) / 00:00:10:000 para top(01)
Mensaje D / 00:09:40:000 / top(01) / 00:00:10:000 para Root(00)
Mensaje * / 00:09:50:000 / Root(00) para top(01)
Mensaje * / 00:09:50:000 / top(01) para fileserversender(05)
Mensaje Y / 00:09:50:000 / fileserversender(05) / dataout /     31.00000 para top(01)
Mensaje Y / 00:09:50:000 / fileserversender(05) / filesent /      3.00000 para top(01)
Mensaje D / 00:09:50:000 / fileserversender(05) / 00:00:20:000 para top(01)
Mensaje Y / 00:09:50:000 / top(01) / outftob /     31.00000 para Root(00)
Mensaje D / 00:09:50:000 / top(01) / 00:00:20:000 para Root(00)
Mensaje X / 00:09:58:000 / Root(00) / inbtof /      1.00000 para top(01)
Mensaje X / 00:09:58:000 / top(01) / ackin /      1.00000 para fileserversender(05)
Mensaje D / 00:09:58:000 / fileserversender(05) / 00:00:00:000 para top(01)
Mensaje D / 00:09:58:000 / top(01) / 00:00:00:000 para Root(00)
Mensaje * / 00:09:58:000 / Root(00) para top(01)
Mensaje * / 00:09:58:000 / top(01) para fileserversender(05)
Mensaje Y / 00:09:58:000 / fileserversender(05) / ackreceived /      1.00000 para top(01)
Mensaje D / 00:09:58:000 / fileserversender(05) / ... para top(01)
Mensaje X / 00:09:58:000 / top(01) / deletedata /      1.00000 para tmpfilereadthread(02)
Mensaje D / 00:09:58:000 / tmpfilereadthread(02) / 00:00:00:000 para top(01)
Mensaje D / 00:09:58:000 / top(01) / 00:00:00:000 para Root(00)
Mensaje * / 00:09:58:000 / Root(00) para top(01)
Mensaje * / 00:09:58:000 / top(01) para tmpfilereadthread(02)
Mensaje Y / 00:09:58:000 / tmpfilereadthread(02) / dataout /     -2.00000 para top(01)
Mensaje D / 00:09:58:000 / tmpfilereadthread(02) / ... para top(01)
Mensaje X / 00:09:58:000 / top(01) / datain /     -2.00000 para fileserversender(05)
Mensaje D / 00:09:58:000 / fileserversender(05) / 00:00:00:000 para top(01)
Mensaje D / 00:09:58:000 / top(01) / 00:00:00:000 para Root(00)
Mensaje * / 00:09:58:000 / Root(00) para top(01)
Mensaje * / 00:09:58:000 / top(01) para fileserversender(05)
Mensaje D / 00:09:58:000 / fileserversender(05) / ... para top(01)
Mensaje D / 00:09:58:000 / top(01) / ... para Root(00)
Mensaje X / 00:10:20:000 / Root(00) / inbtof /      0.00000 para top(01)
Mensaje X / 00:10:20:000 / top(01) / ackin /      0.00000 para fileserversender(05)
Mensaje D / 00:10:20:000 / fileserversender(05) / ... para top(01)
Mensaje D / 00:10:20:000 / top(01) / ... para Root(00)
Mensaje X / 00:11:00:000 / Root(00) / inbtof /      1.00000 para top(01)
Mensaje X / 00:11:00:000 / top(01) / ackin /      1.00000 para fileserversender(05)
Mensaje D / 00:11:00:000 / fileserversender(05) / ... para top(01)
Mensaje D / 00:11:00:000 / top(01) / ... para Root(00)
Mensaje X / 00:12:20:000 / Root(00) / inbtof /      0.00000 para top(01)
Mensaje X / 00:12:20:000 / top(01) / ackin /      0.00000 para fileserversender(05)
Mensaje D / 00:12:20:000 / fileserversender(05) / ... para top(01)
Mensaje D / 00:12:20:000 / top(01) / ... para Root(00)
