Mensaje I / 00:00:00:000 / Root(00) para top(01)
Mensaje I / 00:00:00:000 / top(01) para accessnetworka(02)
Mensaje I / 00:00:00:000 / top(01) para accessnetworkb(05)
Mensaje I / 00:00:00:000 / top(01) para fileexchangeserver(08)
Mensaje I / 00:00:00:000 / accessnetworka(02) para subnetatof(03)
Mensaje I / 00:00:00:000 / accessnetworka(02) para subnetftoa(04)
Mensaje I / 00:00:00:000 / accessnetworkb(05) para subnetbtof(06)
Mensaje I / 00:00:00:000 / accessnetworkb(05) para subnetftob(07)
Mensaje I / 00:00:00:000 / fileexchangeserver(08) para tmpfilereadthread(09)
Mensaje I / 00:00:00:000 / fileexchangeserver(08) para tmpfilewritethread(10)
Mensaje I / 00:00:00:000 / fileexchangeserver(08) para fileserverreceiver(11)
Mensaje I / 00:00:00:000 / fileexchangeserver(08) para fileserversender(12)
Mensaje D / 00:00:00:000 / subnetatof(03) / ... para accessnetworka(02)
Mensaje D / 00:00:00:000 / subnetftoa(04) / ... para accessnetworka(02)
Mensaje D / 00:00:00:000 / subnetbtof(06) / ... para accessnetworkb(05)
Mensaje D / 00:00:00:000 / subnetftob(07) / ... para accessnetworkb(05)
Mensaje D / 00:00:00:000 / tmpfilereadthread(09) / ... para fileexchangeserver(08)
Mensaje D / 00:00:00:000 / tmpfilewritethread(10) / ... para fileexchangeserver(08)
Mensaje D / 00:00:00:000 / fileserverreceiver(11) / ... para fileexchangeserver(08)
Mensaje D / 00:00:00:000 / fileserversender(12) / ... para fileexchangeserver(08)
Mensaje D / 00:00:00:000 / accessnetworka(02) / ... para top(01)
Mensaje D / 00:00:00:000 / accessnetworkb(05) / ... para top(01)
Mensaje D / 00:00:00:000 / fileexchangeserver(08) / ... para top(01)
Mensaje D / 00:00:00:000 / top(01) / ... para Root(00)
Mensaje X / 00:00:10:000 / Root(00) / inaton /     11.00000 para top(01)
Mensaje X / 00:00:10:000 / top(01) / inatos /     11.00000 para accessnetworka(02)
Mensaje X / 00:00:10:000 / accessnetworka(02) / in /     11.00000 para subnetatof(03)
Mensaje D / 00:00:10:000 / subnetatof(03) / 00:00:02:987 para accessnetworka(02)
Mensaje D / 00:00:10:000 / accessnetworka(02) / 00:00:02:987 para top(01)
Mensaje D / 00:00:10:000 / top(01) / 00:00:02:987 para Root(00)
Mensaje * / 00:00:12:987 / Root(00) para top(01)
Mensaje * / 00:00:12:987 / top(01) para accessnetworka(02)
Mensaje * / 00:00:12:987 / accessnetworka(02) para subnetatof(03)
Mensaje Y / 00:00:12:987 / subnetatof(03) / out /     11.00000 para accessnetworka(02)
Mensaje D / 00:00:12:987 / subnetatof(03) / ... para accessnetworka(02)
Mensaje Y / 00:00:12:987 / accessnetworka(02) / outstof /     11.00000 para top(01)
Mensaje D / 00:00:12:987 / accessnetworka(02) / ... para top(01)
Mensaje X / 00:00:12:987 / top(01) / inatof /     11.00000 para fileexchangeserver(08)
Mensaje X / 00:00:12:987 / fileexchangeserver(08) / in /     11.00000 para fileserverreceiver(11)
Mensaje D / 00:00:12:987 / fileserverreceiver(11) / 00:00:10:000 para fileexchangeserver(08)
Mensaje D / 00:00:12:987 / fileexchangeserver(08) / 00:00:10:000 para top(01)
Mensaje D / 00:00:12:987 / top(01) / 00:00:10:000 para Root(00)
Mensaje * / 00:00:22:987 / Root(00) para top(01)
Mensaje * / 00:00:22:987 / top(01) para fileexchangeserver(08)
Mensaje * / 00:00:22:987 / fileexchangeserver(08) para fileserverreceiver(11)
Mensaje Y / 00:00:22:987 / fileserverreceiver(11) / out /      1.00000 para fileexchangeserver(08)
Mensaje Y / 00:00:22:987 / fileserverreceiver(11) / outdata /      1.00000 para fileexchangeserver(08)
Mensaje D / 00:00:22:987 / fileserverreceiver(11) / ... para fileexchangeserver(08)
Mensaje Y / 00:00:22:987 / fileexchangeserver(08) / outftoa /      1.00000 para top(01)
Mensaje X / 00:00:22:987 / fileexchangeserver(08) / storedata /      1.00000 para tmpfilewritethread(10)
Mensaje X / 00:00:22:987 / top(01) / inftos /      1.00000 para accessnetworka(02)
Mensaje D / 00:00:22:987 / tmpfilewritethread(10) / 00:00:00:000 para fileexchangeserver(08)
Mensaje X / 00:00:22:987 / accessnetworka(02) / in /      1.00000 para subnetftoa(04)
Mensaje D / 00:00:22:987 / fileexchangeserver(08) / 00:00:00:000 para top(01)
Mensaje D / 00:00:22:987 / subnetftoa(04) / 00:00:01:796 para accessnetworka(02)
Mensaje D / 00:00:22:987 / accessnetworka(02) / 00:00:01:796 para top(01)
Mensaje D / 00:00:22:987 / top(01) / 00:00:00:000 para Root(00)
Mensaje * / 00:00:22:987 / Root(00) para top(01)
Mensaje * / 00:00:22:987 / top(01) para fileexchangeserver(08)
Mensaje * / 00:00:22:987 / fileexchangeserver(08) para tmpfilewritethread(10)
Mensaje Y / 00:00:22:987 / tmpfilewritethread(10) / dataout /      1.00000 para fileexchangeserver(08)
Mensaje D / 00:00:22:987 / tmpfilewritethread(10) / ... para fileexchangeserver(08)
Mensaje D / 00:00:22:987 / fileexchangeserver(08) / ... para top(01)
Mensaje D / 00:00:22:987 / top(01) / 00:00:01:796 para Root(00)
Mensaje * / 00:00:24:783 / Root(00) para top(01)
Mensaje * / 00:00:24:783 / top(01) para accessnetworka(02)
Mensaje * / 00:00:24:783 / accessnetworka(02) para subnetftoa(04)
Mensaje Y / 00:00:24:783 / subnetftoa(04) / out /      1.00000 para accessnetworka(02)
Mensaje D / 00:00:24:783 / subnetftoa(04) / ... para accessnetworka(02)
Mensaje Y / 00:00:24:783 / accessnetworka(02) / outstoa /      1.00000 para top(01)
Mensaje D / 00:00:24:783 / accessnetworka(02) / ... para top(01)
Mensaje Y / 00:00:24:783 / top(01) / outntoa /      1.00000 para Root(00)
Mensaje D / 00:00:24:783 / top(01) / ... para Root(00)
Mensaje X / 00:01:10:000 / Root(00) / inaton /     20.00000 para top(01)
Mensaje X / 00:01:10:000 / top(01) / inatos /     20.00000 para accessnetworka(02)
Mensaje X / 00:01:10:000 / accessnetworka(02) / in /     20.00000 para subnetatof(03)
Mensaje D / 00:01:10:000 / subnetatof(03) / 00:00:01:957 para accessnetworka(02)
Mensaje D / 00:01:10:000 / accessnetworka(02) / 00:00:01:957 para top(01)
Mensaje D / 00:01:10:000 / top(01) / 00:00:01:957 para Root(00)
Mensaje * / 00:01:11:957 / Root(00) para top(01)
Mensaje * / 00:01:11:957 / top(01) para accessnetworka(02)
Mensaje * / 00:01:11:957 / accessnetworka(02) para subnetatof(03)
Mensaje Y / 00:01:11:957 / subnetatof(03) / out /     20.00000 para accessnetworka(02)
Mensaje D / 00:01:11:957 / subnetatof(03) / ... para accessnetworka(02)
Mensaje Y / 00:01:11:957 / accessnetworka(02) / outstof /     20.00000 para top(01)
Mensaje D / 00:01:11:957 / accessnetworka(02) / ... para top(01)
Mensaje X / 00:01:11:957 / top(01) / inatof /     20.00000 para fileexchangeserver(08)
Mensaje X / 00:01:11:957 / fileexchangeserver(08) / in /     20.00000 para fileserverreceiver(11)
Mensaje D / 00:01:11:957 / fileserverreceiver(11) / 00:00:10:000 para fileexchangeserver(08)
Mensaje D / 00:01:11:957 / fileexchangeserver(08) / 00:00:10:000 para top(01)
Mensaje D / 00:01:11:957 / top(01) / 00:00:10:000 para Root(00)
Mensaje * / 00:01:21:957 / Root(00) para top(01)
Mensaje * / 00:01:21:957 / top(01) para fileexchangeserver(08)
Mensaje * / 00:01:21:957 / fileexchangeserver(08) para fileserverreceiver(11)
Mensaje Y / 00:01:21:957 / fileserverreceiver(11) / out /      0.00000 para fileexchangeserver(08)
Mensaje Y / 00:01:21:957 / fileserverreceiver(11) / outdata /      2.00000 para fileexchangeserver(08)
Mensaje D / 00:01:21:957 / fileserverreceiver(11) / ... para fileexchangeserver(08)
Mensaje Y / 00:01:21:957 / fileexchangeserver(08) / outftoa /      0.00000 para top(01)
Mensaje X / 00:01:21:957 / fileexchangeserver(08) / storedata /      2.00000 para tmpfilewritethread(10)
Mensaje X / 00:01:21:957 / top(01) / inftos /      0.00000 para accessnetworka(02)
Mensaje D / 00:01:21:957 / tmpfilewritethread(10) / 00:00:00:000 para fileexchangeserver(08)
Mensaje X / 00:01:21:957 / accessnetworka(02) / in /      0.00000 para subnetftoa(04)
Mensaje D / 00:01:21:957 / fileexchangeserver(08) / 00:00:00:000 para top(01)
Mensaje D / 00:01:21:957 / subnetftoa(04) / 00:00:03:035 para accessnetworka(02)
Mensaje D / 00:01:21:957 / accessnetworka(02) / 00:00:03:035 para top(01)
Mensaje D / 00:01:21:957 / top(01) / 00:00:00:000 para Root(00)
Mensaje * / 00:01:21:957 / Root(00) para top(01)
Mensaje * / 00:01:21:957 / top(01) para fileexchangeserver(08)
Mensaje * / 00:01:21:957 / fileexchangeserver(08) para tmpfilewritethread(10)
Mensaje Y / 00:01:21:957 / tmpfilewritethread(10) / dataout /      2.00000 para fileexchangeserver(08)
Mensaje D / 00:01:21:957 / tmpfilewritethread(10) / ... para fileexchangeserver(08)
Mensaje D / 00:01:21:957 / fileexchangeserver(08) / ... para top(01)
Mensaje D / 00:01:21:957 / top(01) / 00:00:03:035 para Root(00)
Mensaje * / 00:01:24:992 / Root(00) para top(01)
Mensaje * / 00:01:24:992 / top(01) para accessnetworka(02)
Mensaje * / 00:01:24:992 / accessnetworka(02) para subnetftoa(04)
Mensaje Y / 00:01:24:992 / subnetftoa(04) / out /      0.00000 para accessnetworka(02)
Mensaje D / 00:01:24:992 / subnetftoa(04) / ... para accessnetworka(02)
Mensaje Y / 00:01:24:992 / accessnetworka(02) / outstoa /      0.00000 para top(01)
Mensaje D / 00:01:24:992 / accessnetworka(02) / ... para top(01)
Mensaje Y / 00:01:24:992 / top(01) / outntoa /      0.00000 para Root(00)
Mensaje D / 00:01:24:992 / top(01) / ... para Root(00)
Mensaje X / 00:02:10:000 / Root(00) / inaton /     31.00000 para top(01)
Mensaje X / 00:02:10:000 / top(01) / inatos /     31.00000 para accessnetworka(02)
Mensaje X / 00:02:10:000 / accessnetworka(02) / in /     31.00000 para subnetatof(03)
Mensaje D / 00:02:10:000 / subnetatof(03) / 00:00:02:182 para accessnetworka(02)
Mensaje D / 00:02:10:000 / accessnetworka(02) / 00:00:02:182 para top(01)
Mensaje D / 00:02:10:000 / top(01) / 00:00:02:182 para Root(00)
Mensaje * / 00:02:12:182 / Root(00) para top(01)
Mensaje * / 00:02:12:182 / top(01) para accessnetworka(02)
Mensaje * / 00:02:12:182 / accessnetworka(02) para subnetatof(03)
Mensaje Y / 00:02:12:182 / subnetatof(03) / out /     31.00000 para accessnetworka(02)
Mensaje D / 00:02:12:182 / subnetatof(03) / ... para accessnetworka(02)
Mensaje Y / 00:02:12:182 / accessnetworka(02) / outstof /     31.00000 para top(01)
Mensaje D / 00:02:12:182 / accessnetworka(02) / ... para top(01)
Mensaje X / 00:02:12:182 / top(01) / inatof /     31.00000 para fileexchangeserver(08)
Mensaje X / 00:02:12:182 / fileexchangeserver(08) / in /     31.00000 para fileserverreceiver(11)
Mensaje D / 00:02:12:182 / fileserverreceiver(11) / 00:00:10:000 para fileexchangeserver(08)
Mensaje D / 00:02:12:182 / fileexchangeserver(08) / 00:00:10:000 para top(01)
Mensaje D / 00:02:12:182 / top(01) / 00:00:10:000 para Root(00)
Mensaje * / 00:02:22:182 / Root(00) para top(01)
Mensaje * / 00:02:22:182 / top(01) para fileexchangeserver(08)
Mensaje * / 00:02:22:182 / fileexchangeserver(08) para fileserverreceiver(11)
Mensaje Y / 00:02:22:182 / fileserverreceiver(11) / out /      1.00000 para fileexchangeserver(08)
Mensaje Y / 00:02:22:182 / fileserverreceiver(11) / outdata /      3.00000 para fileexchangeserver(08)
Mensaje D / 00:02:22:182 / fileserverreceiver(11) / ... para fileexchangeserver(08)
Mensaje Y / 00:02:22:182 / fileexchangeserver(08) / outftoa /      1.00000 para top(01)
Mensaje X / 00:02:22:182 / fileexchangeserver(08) / storedata /      3.00000 para tmpfilewritethread(10)
Mensaje X / 00:02:22:182 / top(01) / inftos /      1.00000 para accessnetworka(02)
Mensaje D / 00:02:22:182 / tmpfilewritethread(10) / 00:00:00:000 para fileexchangeserver(08)
Mensaje X / 00:02:22:182 / accessnetworka(02) / in /      1.00000 para subnetftoa(04)
Mensaje D / 00:02:22:182 / fileexchangeserver(08) / 00:00:00:000 para top(01)
Mensaje D / 00:02:22:182 / subnetftoa(04) / 00:00:03:160 para accessnetworka(02)
Mensaje D / 00:02:22:182 / accessnetworka(02) / 00:00:03:160 para top(01)
Mensaje D / 00:02:22:182 / top(01) / 00:00:00:000 para Root(00)
Mensaje * / 00:02:22:182 / Root(00) para top(01)
Mensaje * / 00:02:22:182 / top(01) para fileexchangeserver(08)
Mensaje * / 00:02:22:182 / fileexchangeserver(08) para tmpfilewritethread(10)
Mensaje Y / 00:02:22:182 / tmpfilewritethread(10) / dataout /      3.00000 para fileexchangeserver(08)
Mensaje D / 00:02:22:182 / tmpfilewritethread(10) / ... para fileexchangeserver(08)
Mensaje D / 00:02:22:182 / fileexchangeserver(08) / ... para top(01)
Mensaje D / 00:02:22:182 / top(01) / 00:00:03:160 para Root(00)
Mensaje * / 00:02:25:342 / Root(00) para top(01)
Mensaje * / 00:02:25:342 / top(01) para accessnetworka(02)
Mensaje * / 00:02:25:342 / accessnetworka(02) para subnetftoa(04)
Mensaje Y / 00:02:25:342 / subnetftoa(04) / out /      1.00000 para accessnetworka(02)
Mensaje D / 00:02:25:342 / subnetftoa(04) / ... para accessnetworka(02)
Mensaje Y / 00:02:25:342 / accessnetworka(02) / outstoa /      1.00000 para top(01)
Mensaje D / 00:02:25:342 / accessnetworka(02) / ... para top(01)
Mensaje Y / 00:02:25:342 / top(01) / outntoa /      1.00000 para Root(00)
Mensaje D / 00:02:25:342 / top(01) / ... para Root(00)
Mensaje X / 00:03:10:000 / Root(00) / inaton /     40.00000 para top(01)
Mensaje X / 00:03:10:000 / top(01) / inatos /     40.00000 para accessnetworka(02)
Mensaje X / 00:03:10:000 / accessnetworka(02) / in /     40.00000 para subnetatof(03)
Mensaje D / 00:03:10:000 / subnetatof(03) / 00:00:03:849 para accessnetworka(02)
Mensaje D / 00:03:10:000 / accessnetworka(02) / 00:00:03:849 para top(01)
Mensaje D / 00:03:10:000 / top(01) / 00:00:03:849 para Root(00)
Mensaje * / 00:03:13:849 / Root(00) para top(01)
Mensaje * / 00:03:13:849 / top(01) para accessnetworka(02)
Mensaje * / 00:03:13:849 / accessnetworka(02) para subnetatof(03)
Mensaje Y / 00:03:13:849 / subnetatof(03) / out /     40.00000 para accessnetworka(02)
Mensaje D / 00:03:13:849 / subnetatof(03) / ... para accessnetworka(02)
Mensaje Y / 00:03:13:849 / accessnetworka(02) / outstof /     40.00000 para top(01)
Mensaje D / 00:03:13:849 / accessnetworka(02) / ... para top(01)
Mensaje X / 00:03:13:849 / top(01) / inatof /     40.00000 para fileexchangeserver(08)
Mensaje X / 00:03:13:849 / fileexchangeserver(08) / in /     40.00000 para fileserverreceiver(11)
Mensaje D / 00:03:13:849 / fileserverreceiver(11) / 00:00:10:000 para fileexchangeserver(08)
Mensaje D / 00:03:13:849 / fileexchangeserver(08) / 00:00:10:000 para top(01)
Mensaje D / 00:03:13:849 / top(01) / 00:00:10:000 para Root(00)
Mensaje * / 00:03:23:849 / Root(00) para top(01)
Mensaje * / 00:03:23:849 / top(01) para fileexchangeserver(08)
Mensaje * / 00:03:23:849 / fileexchangeserver(08) para fileserverreceiver(11)
Mensaje Y / 00:03:23:849 / fileserverreceiver(11) / out /      0.00000 para fileexchangeserver(08)
Mensaje Y / 00:03:23:849 / fileserverreceiver(11) / outdata /      4.00000 para fileexchangeserver(08)
Mensaje D / 00:03:23:849 / fileserverreceiver(11) / ... para fileexchangeserver(08)
Mensaje Y / 00:03:23:849 / fileexchangeserver(08) / outftoa /      0.00000 para top(01)
Mensaje X / 00:03:23:849 / fileexchangeserver(08) / storedata /      4.00000 para tmpfilewritethread(10)
Mensaje X / 00:03:23:849 / top(01) / inftos /      0.00000 para accessnetworka(02)
Mensaje D / 00:03:23:849 / tmpfilewritethread(10) / 00:00:00:000 para fileexchangeserver(08)
Mensaje X / 00:03:23:849 / accessnetworka(02) / in /      0.00000 para subnetftoa(04)
Mensaje D / 00:03:23:849 / fileexchangeserver(08) / 00:00:00:000 para top(01)
Mensaje D / 00:03:23:849 / subnetftoa(04) / 00:00:03:655 para accessnetworka(02)
Mensaje D / 00:03:23:849 / accessnetworka(02) / 00:00:03:655 para top(01)
Mensaje D / 00:03:23:849 / top(01) / 00:00:00:000 para Root(00)
Mensaje * / 00:03:23:849 / Root(00) para top(01)
Mensaje * / 00:03:23:849 / top(01) para fileexchangeserver(08)
Mensaje * / 00:03:23:849 / fileexchangeserver(08) para tmpfilewritethread(10)
Mensaje Y / 00:03:23:849 / tmpfilewritethread(10) / dataout /      4.00000 para fileexchangeserver(08)
Mensaje D / 00:03:23:849 / tmpfilewritethread(10) / ... para fileexchangeserver(08)
Mensaje D / 00:03:23:849 / fileexchangeserver(08) / ... para top(01)
Mensaje D / 00:03:23:849 / top(01) / 00:00:03:655 para Root(00)
Mensaje * / 00:03:27:504 / Root(00) para top(01)
Mensaje * / 00:03:27:504 / top(01) para accessnetworka(02)
Mensaje * / 00:03:27:504 / accessnetworka(02) para subnetftoa(04)
Mensaje Y / 00:03:27:504 / subnetftoa(04) / out /      0.00000 para accessnetworka(02)
Mensaje D / 00:03:27:504 / subnetftoa(04) / ... para accessnetworka(02)
Mensaje Y / 00:03:27:504 / accessnetworka(02) / outstoa /      0.00000 para top(01)
Mensaje D / 00:03:27:504 / accessnetworka(02) / ... para top(01)
Mensaje Y / 00:03:27:504 / top(01) / outntoa /      0.00000 para Root(00)
Mensaje D / 00:03:27:504 / top(01) / ... para Root(00)
Mensaje X / 00:04:10:000 / Root(00) / inaton /     51.00000 para top(01)
Mensaje X / 00:04:10:000 / top(01) / inatos /     51.00000 para accessnetworka(02)
Mensaje X / 00:04:10:000 / accessnetworka(02) / in /     51.00000 para subnetatof(03)
Mensaje D / 00:04:10:000 / subnetatof(03) / 00:00:03:446 para accessnetworka(02)
Mensaje D / 00:04:10:000 / accessnetworka(02) / 00:00:03:446 para top(01)
Mensaje D / 00:04:10:000 / top(01) / 00:00:03:446 para Root(00)
Mensaje X / 00:04:10:000 / Root(00) / requestin /      1.00000 para top(01)
Mensaje X / 00:04:10:000 / top(01) / requestin /      1.00000 para fileexchangeserver(08)
Mensaje X / 00:04:10:000 / fileexchangeserver(08) / requestin /      1.00000 para fileserversender(12)
Mensaje D / 00:04:10:000 / fileserversender(12) / 00:00:00:000 para fileexchangeserver(08)
Mensaje D / 00:04:10:000 / fileexchangeserver(08) / 00:00:00:000 para top(01)
Mensaje D / 00:04:10:000 / top(01) / 00:00:00:000 para Root(00)
Mensaje * / 00:04:10:000 / Root(00) para top(01)
Mensaje * / 00:04:10:000 / top(01) para fileexchangeserver(08)
Mensaje * / 00:04:10:000 / fileexchangeserver(08) para fileserversender(12)
Mensaje Y / 00:04:10:000 / fileserversender(12) / requestdata /      1.00000 para fileexchangeserver(08)
Mensaje D / 00:04:10:000 / fileserversender(12) / 00:00:20:000 para fileexchangeserver(08)
Mensaje X / 00:04:10:000 / fileexchangeserver(08) / requestdata /      1.00000 para tmpfilereadthread(09)
Mensaje D / 00:04:10:000 / tmpfilereadthread(09) / 00:00:00:000 para fileexchangeserver(08)
Mensaje D / 00:04:10:000 / fileexchangeserver(08) / 00:00:00:000 para top(01)
Mensaje D / 00:04:10:000 / top(01) / 00:00:00:000 para Root(00)
Mensaje * / 00:04:10:000 / Root(00) para top(01)
Mensaje * / 00:04:10:000 / top(01) para fileexchangeserver(08)
Mensaje * / 00:04:10:000 / fileexchangeserver(08) para tmpfilereadthread(09)
Mensaje Y / 00:04:10:000 / tmpfilereadthread(09) / dataout /      1.00000 para fileexchangeserver(08)
Mensaje D / 00:04:10:000 / tmpfilereadthread(09) / ... para fileexchangeserver(08)
Mensaje X / 00:04:10:000 / fileexchangeserver(08) / datain /      1.00000 para fileserversender(12)
Mensaje D / 00:04:10:000 / fileserversender(12) / 00:00:10:000 para fileexchangeserver(08)
Mensaje D / 00:04:10:000 / fileexchangeserver(08) / 00:00:10:000 para top(01)
Mensaje D / 00:04:10:000 / top(01) / 00:00:03:446 para Root(00)
Mensaje * / 00:04:13:446 / Root(00) para top(01)
Mensaje * / 00:04:13:446 / top(01) para accessnetworka(02)
Mensaje * / 00:04:13:446 / accessnetworka(02) para subnetatof(03)
Mensaje Y / 00:04:13:446 / subnetatof(03) / out /     51.00000 para accessnetworka(02)
Mensaje D / 00:04:13:446 / subnetatof(03) / ... para accessnetworka(02)
Mensaje Y / 00:04:13:446 / accessnetworka(02) / outstof /     51.00000 para top(01)
Mensaje D / 00:04:13:446 / accessnetworka(02) / ... para top(01)
Mensaje X / 00:04:13:446 / top(01) / inatof /     51.00000 para fileexchangeserver(08)
Mensaje X / 00:04:13:446 / fileexchangeserver(08) / in /     51.00000 para fileserverreceiver(11)
Mensaje D / 00:04:13:446 / fileserverreceiver(11) / 00:00:10:000 para fileexchangeserver(08)
Mensaje D / 00:04:13:446 / fileexchangeserver(08) / 00:00:06:554 para top(01)
Mensaje D / 00:04:13:446 / top(01) / 00:00:06:554 para Root(00)
Mensaje * / 00:04:20:000 / Root(00) para top(01)
Mensaje * / 00:04:20:000 / top(01) para fileexchangeserver(08)
Mensaje * / 00:04:20:000 / fileexchangeserver(08) para fileserversender(12)
Mensaje Y / 00:04:20:000 / fileserversender(12) / dataout /     11.00000 para fileexchangeserver(08)
Mensaje Y / 00:04:20:000 / fileserversender(12) / filesent /      1.00000 para fileexchangeserver(08)
Mensaje D / 00:04:20:000 / fileserversender(12) / 00:00:20:000 para fileexchangeserver(08)
Mensaje Y / 00:04:20:000 / fileexchangeserver(08) / outftob /     11.00000 para top(01)
Mensaje D / 00:04:20:000 / fileexchangeserver(08) / 00:00:03:446 para top(01)
Mensaje X / 00:04:20:000 / top(01) / inftos /     11.00000 para accessnetworkb(05)
Mensaje X / 00:04:20:000 / accessnetworkb(05) / in /     11.00000 para subnetftob(07)
Mensaje D / 00:04:20:000 / subnetftob(07) / 00:00:02:830 para accessnetworkb(05)
Mensaje D / 00:04:20:000 / accessnetworkb(05) / 00:00:02:830 para top(01)
Mensaje D / 00:04:20:000 / top(01) / 00:00:02:830 para Root(00)
Mensaje * / 00:04:22:830 / Root(00) para top(01)
Mensaje * / 00:04:22:830 / top(01) para accessnetworkb(05)
Mensaje * / 00:04:22:830 / accessnetworkb(05) para subnetftob(07)
Mensaje Y / 00:04:22:830 / subnetftob(07) / out /     11.00000 para accessnetworkb(05)
Mensaje D / 00:04:22:830 / subnetftob(07) / ... para accessnetworkb(05)
Mensaje Y / 00:04:22:830 / accessnetworkb(05) / outstob /     11.00000 para top(01)
Mensaje D / 00:04:22:830 / accessnetworkb(05) / ... para top(01)
Mensaje Y / 00:04:22:830 / top(01) / outntob /     11.00000 para Root(00)
Mensaje D / 00:04:22:830 / top(01) / 00:00:00:616 para Root(00)
Mensaje * / 00:04:23:446 / Root(00) para top(01)
Mensaje * / 00:04:23:446 / top(01) para fileexchangeserver(08)
Mensaje * / 00:04:23:446 / fileexchangeserver(08) para fileserverreceiver(11)
Mensaje Y / 00:04:23:446 / fileserverreceiver(11) / out /      1.00000 para fileexchangeserver(08)
Mensaje Y / 00:04:23:446 / fileserverreceiver(11) / outdata /      5.00000 para fileexchangeserver(08)
Mensaje D / 00:04:23:446 / fileserverreceiver(11) / ... para fileexchangeserver(08)
Mensaje Y / 00:04:23:446 / fileexchangeserver(08) / outftoa /      1.00000 para top(01)
Mensaje X / 00:04:23:446 / fileexchangeserver(08) / storedata /      5.00000 para tmpfilewritethread(10)
Mensaje X / 00:04:23:446 / top(01) / inftos /      1.00000 para accessnetworka(02)
Mensaje D / 00:04:23:446 / tmpfilewritethread(10) / 00:00:00:000 para fileexchangeserver(08)
Mensaje X / 00:04:23:446 / accessnetworka(02) / in /      1.00000 para subnetftoa(04)
Mensaje D / 00:04:23:446 / fileexchangeserver(08) / 00:00:00:000 para top(01)
Mensaje D / 00:04:23:446 / subnetftoa(04) / 00:00:02:400 para accessnetworka(02)
Mensaje D / 00:04:23:446 / accessnetworka(02) / 00:00:02:400 para top(01)
Mensaje D / 00:04:23:446 / top(01) / 00:00:00:000 para Root(00)
Mensaje * / 00:04:23:446 / Root(00) para top(01)
Mensaje * / 00:04:23:446 / top(01) para fileexchangeserver(08)
Mensaje * / 00:04:23:446 / fileexchangeserver(08) para tmpfilewritethread(10)
Mensaje Y / 00:04:23:446 / tmpfilewritethread(10) / dataout /      5.00000 para fileexchangeserver(08)
Mensaje D / 00:04:23:446 / tmpfilewritethread(10) / ... para fileexchangeserver(08)
Mensaje D / 00:04:23:446 / fileexchangeserver(08) / 00:00:16:554 para top(01)
Mensaje D / 00:04:23:446 / top(01) / 00:00:02:400 para Root(00)
Mensaje * / 00:04:25:846 / Root(00) para top(01)
Mensaje * / 00:04:25:846 / top(01) para accessnetworka(02)
Mensaje * / 00:04:25:846 / accessnetworka(02) para subnetftoa(04)
Mensaje Y / 00:04:25:846 / subnetftoa(04) / out /      1.00000 para accessnetworka(02)
Mensaje D / 00:04:25:846 / subnetftoa(04) / ... para accessnetworka(02)
Mensaje Y / 00:04:25:846 / accessnetworka(02) / outstoa /      1.00000 para top(01)
Mensaje D / 00:04:25:846 / accessnetworka(02) / ... para top(01)
Mensaje Y / 00:04:25:846 / top(01) / outntoa /      1.00000 para Root(00)
Mensaje D / 00:04:25:846 / top(01) / 00:00:14:154 para Root(00)
Mensaje * / 00:04:40:000 / Root(00) para top(01)
Mensaje * / 00:04:40:000 / top(01) para fileexchangeserver(08)
Mensaje * / 00:04:40:000 / fileexchangeserver(08) para fileserversender(12)
Mensaje D / 00:04:40:000 / fileserversender(12) / 00:00:10:000 para fileexchangeserver(08)
Mensaje D / 00:04:40:000 / fileexchangeserver(08) / 00:00:10:000 para top(01)
Mensaje D / 00:04:40:000 / top(01) / 00:00:10:000 para Root(00)
Mensaje * / 00:04:50:000 / Root(00) para top(01)
Mensaje * / 00:04:50:000 / top(01) para fileexchangeserver(08)
Mensaje * / 00:04:50:000 / fileexchangeserver(08) para fileserversender(12)
Mensaje Y / 00:04:50:000 / fileserversender(12) / dataout /     11.00000 para fileexchangeserver(08)
Mensaje Y / 00:04:50:000 / fileserversender(12) / filesent /      1.00000 para fileexchangeserver(08)
Mensaje D / 00:04:50:000 / fileserversender(12) / 00:00:20:000 para fileexchangeserver(08)
Mensaje Y / 00:04:50:000 / fileexchangeserver(08) / outftob /     11.00000 para top(01)
Mensaje D / 00:04:50:000 / fileexchangeserver(08) / 00:00:20:000 para top(01)
Mensaje X / 00:04:50:000 / top(01) / inftos /     11.00000 para accessnetworkb(05)
Mensaje X / 00:04:50:000 / accessnetworkb(05) / in /     11.00000 para subnetftob(07)
Mensaje D / 00:04:50:000 / subnetftob(07) / 00:00:03:687 para accessnetworkb(05)
Mensaje D / 00:04:50:000 / accessnetworkb(05) / 00:00:03:687 para top(01)
Mensaje D / 00:04:50:000 / top(01) / 00:00:03:687 para Root(00)
Mensaje * / 00:04:53:687 / Root(00) para top(01)
Mensaje * / 00:04:53:687 / top(01) para accessnetworkb(05)
Mensaje * / 00:04:53:687 / accessnetworkb(05) para subnetftob(07)
Mensaje Y / 00:04:53:687 / subnetftob(07) / out /     11.00000 para accessnetworkb(05)
Mensaje D / 00:04:53:687 / subnetftob(07) / ... para accessnetworkb(05)
Mensaje Y / 00:04:53:687 / accessnetworkb(05) / outstob /     11.00000 para top(01)
Mensaje D / 00:04:53:687 / accessnetworkb(05) / ... para top(01)
Mensaje Y / 00:04:53:687 / top(01) / outntob /     11.00000 para Root(00)
Mensaje D / 00:04:53:687 / top(01) / 00:00:16:313 para Root(00)
Mensaje X / 00:05:10:000 / Root(00) / inbton /      1.00000 para top(01)
Mensaje X / 00:05:10:000 / top(01) / inbtos /      1.00000 para accessnetworkb(05)
Mensaje X / 00:05:10:000 / accessnetworkb(05) / in /      1.00000 para subnetbtof(06)
Mensaje D / 00:05:10:000 / subnetbtof(06) / 00:00:01:055 para accessnetworkb(05)
Mensaje D / 00:05:10:000 / accessnetworkb(05) / 00:00:01:055 para top(01)
Mensaje D / 00:05:10:000 / top(01) / 00:00:00:000 para Root(00)
Mensaje * / 00:05:10:000 / Root(00) para top(01)
Mensaje * / 00:05:10:000 / top(01) para fileexchangeserver(08)
Mensaje * / 00:05:10:000 / fileexchangeserver(08) para fileserversender(12)
Mensaje D / 00:05:10:000 / fileserversender(12) / 00:00:10:000 para fileexchangeserver(08)
Mensaje D / 00:05:10:000 / fileexchangeserver(08) / 00:00:10:000 para top(01)
Mensaje D / 00:05:10:000 / top(01) / 00:00:01:055 para Root(00)
Mensaje * / 00:05:11:055 / Root(00) para top(01)
Mensaje * / 00:05:11:055 / top(01) para accessnetworkb(05)
Mensaje * / 00:05:11:055 / accessnetworkb(05) para subnetbtof(06)
Mensaje Y / 00:05:11:055 / subnetbtof(06) / out /      1.00000 para accessnetworkb(05)
Mensaje D / 00:05:11:055 / subnetbtof(06) / ... para accessnetworkb(05)
Mensaje Y / 00:05:11:055 / accessnetworkb(05) / outstof /      1.00000 para top(01)
Mensaje D / 00:05:11:055 / accessnetworkb(05) / ... para top(01)
Mensaje X / 00:05:11:055 / top(01) / inbtof /      1.00000 para fileexchangeserver(08)
Mensaje X / 00:05:11:055 / fileexchangeserver(08) / ackin /      1.00000 para fileserversender(12)
Mensaje D / 00:05:11:055 / fileserversender(12) / 00:00:00:000 para fileexchangeserver(08)
Mensaje D / 00:05:11:055 / fileexchangeserver(08) / 00:00:00:000 para top(01)
Mensaje D / 00:05:11:055 / top(01) / 00:00:00:000 para Root(00)
Mensaje * / 00:05:11:055 / Root(00) para top(01)
Mensaje * / 00:05:11:055 / top(01) para fileexchangeserver(08)
Mensaje * / 00:05:11:055 / fileexchangeserver(08) para fileserversender(12)
Mensaje Y / 00:05:11:055 / fileserversender(12) / ackreceived /      1.00000 para fileexchangeserver(08)
Mensaje D / 00:05:11:055 / fileserversender(12) / ... para fileexchangeserver(08)
Mensaje X / 00:05:11:055 / fileexchangeserver(08) / deletedata /      1.00000 para tmpfilereadthread(09)
Mensaje D / 00:05:11:055 / tmpfilereadthread(09) / 00:00:00:000 para fileexchangeserver(08)
Mensaje D / 00:05:11:055 / fileexchangeserver(08) / 00:00:00:000 para top(01)
Mensaje D / 00:05:11:055 / top(01) / 00:00:00:000 para Root(00)
Mensaje * / 00:05:11:055 / Root(00) para top(01)
Mensaje * / 00:05:11:055 / top(01) para fileexchangeserver(08)
Mensaje * / 00:05:11:055 / fileexchangeserver(08) para tmpfilereadthread(09)
Mensaje Y / 00:05:11:055 / tmpfilereadthread(09) / dataout /      0.00000 para fileexchangeserver(08)
Mensaje D / 00:05:11:055 / tmpfilereadthread(09) / ... para fileexchangeserver(08)
Mensaje X / 00:05:11:055 / fileexchangeserver(08) / datain /      0.00000 para fileserversender(12)
Mensaje D / 00:05:11:055 / fileserversender(12) / 00:00:00:000 para fileexchangeserver(08)
Mensaje D / 00:05:11:055 / fileexchangeserver(08) / 00:00:00:000 para top(01)
Mensaje D / 00:05:11:055 / top(01) / 00:00:00:000 para Root(00)
Mensaje * / 00:05:11:055 / Root(00) para top(01)
Mensaje * / 00:05:11:055 / top(01) para fileexchangeserver(08)
Mensaje * / 00:05:11:055 / fileexchangeserver(08) para fileserversender(12)
Mensaje Y / 00:05:11:055 / fileserversender(12) / requestdata /      1.00000 para fileexchangeserver(08)
Mensaje D / 00:05:11:055 / fileserversender(12) / 00:00:20:000 para fileexchangeserver(08)
Mensaje X / 00:05:11:055 / fileexchangeserver(08) / requestdata /      1.00000 para tmpfilereadthread(09)
Mensaje D / 00:05:11:055 / tmpfilereadthread(09) / 00:00:00:000 para fileexchangeserver(08)
Mensaje D / 00:05:11:055 / fileexchangeserver(08) / 00:00:00:000 para top(01)
Mensaje D / 00:05:11:055 / top(01) / 00:00:00:000 para Root(00)
Mensaje * / 00:05:11:055 / Root(00) para top(01)
Mensaje * / 00:05:11:055 / top(01) para fileexchangeserver(08)
Mensaje * / 00:05:11:055 / fileexchangeserver(08) para tmpfilereadthread(09)
Mensaje Y / 00:05:11:055 / tmpfilereadthread(09) / dataout /      2.00000 para fileexchangeserver(08)
Mensaje D / 00:05:11:055 / tmpfilereadthread(09) / ... para fileexchangeserver(08)
Mensaje X / 00:05:11:055 / fileexchangeserver(08) / datain /      2.00000 para fileserversender(12)
Mensaje D / 00:05:11:055 / fileserversender(12) / 00:00:10:000 para fileexchangeserver(08)
Mensaje D / 00:05:11:055 / fileexchangeserver(08) / 00:00:10:000 para top(01)
Mensaje D / 00:05:11:055 / top(01) / 00:00:10:000 para Root(00)
Mensaje * / 00:05:21:055 / Root(00) para top(01)
Mensaje * / 00:05:21:055 / top(01) para fileexchangeserver(08)
Mensaje * / 00:05:21:055 / fileexchangeserver(08) para fileserversender(12)
Mensaje Y / 00:05:21:055 / fileserversender(12) / dataout /     20.00000 para fileexchangeserver(08)
Mensaje Y / 00:05:21:055 / fileserversender(12) / filesent /      2.00000 para fileexchangeserver(08)
Mensaje D / 00:05:21:055 / fileserversender(12) / 00:00:20:000 para fileexchangeserver(08)
Mensaje Y / 00:05:21:055 / fileexchangeserver(08) / outftob /     20.00000 para top(01)
Mensaje D / 00:05:21:055 / fileexchangeserver(08) / 00:00:20:000 para top(01)
Mensaje X / 00:05:21:055 / top(01) / inftos /     20.00000 para accessnetworkb(05)
Mensaje X / 00:05:21:055 / accessnetworkb(05) / in /     20.00000 para subnetftob(07)
Mensaje D / 00:05:21:055 / subnetftob(07) / 00:00:03:678 para accessnetworkb(05)
Mensaje D / 00:05:21:055 / accessnetworkb(05) / 00:00:03:678 para top(01)
Mensaje D / 00:05:21:055 / top(01) / 00:00:03:678 para Root(00)
Mensaje * / 00:05:24:733 / Root(00) para top(01)
Mensaje * / 00:05:24:733 / top(01) para accessnetworkb(05)
Mensaje * / 00:05:24:733 / accessnetworkb(05) para subnetftob(07)
Mensaje Y / 00:05:24:733 / subnetftob(07) / out /     20.00000 para accessnetworkb(05)
Mensaje D / 00:05:24:733 / subnetftob(07) / ... para accessnetworkb(05)
Mensaje Y / 00:05:24:733 / accessnetworkb(05) / outstob /     20.00000 para top(01)
Mensaje D / 00:05:24:733 / accessnetworkb(05) / ... para top(01)
Mensaje Y / 00:05:24:733 / top(01) / outntob /     20.00000 para Root(00)
Mensaje D / 00:05:24:733 / top(01) / 00:00:16:322 para Root(00)
Mensaje * / 00:05:41:055 / Root(00) para top(01)
Mensaje * / 00:05:41:055 / top(01) para fileexchangeserver(08)
Mensaje * / 00:05:41:055 / fileexchangeserver(08) para fileserversender(12)
Mensaje D / 00:05:41:055 / fileserversender(12) / 00:00:10:000 para fileexchangeserver(08)
Mensaje D / 00:05:41:055 / fileexchangeserver(08) / 00:00:10:000 para top(01)
Mensaje D / 00:05:41:055 / top(01) / 00:00:10:000 para Root(00)
Mensaje * / 00:05:51:055 / Root(00) para top(01)
Mensaje * / 00:05:51:055 / top(01) para fileexchangeserver(08)
Mensaje * / 00:05:51:055 / fileexchangeserver(08) para fileserversender(12)
Mensaje Y / 00:05:51:055 / fileserversender(12) / dataout /     20.00000 para fileexchangeserver(08)
Mensaje Y / 00:05:51:055 / fileserversender(12) / filesent /      2.00000 para fileexchangeserver(08)
Mensaje D / 00:05:51:055 / fileserversender(12) / 00:00:20:000 para fileexchangeserver(08)
Mensaje Y / 00:05:51:055 / fileexchangeserver(08) / outftob /     20.00000 para top(01)
Mensaje D / 00:05:51:055 / fileexchangeserver(08) / 00:00:20:000 para top(01)
Mensaje X / 00:05:51:055 / top(01) / inftos /     20.00000 para accessnetworkb(05)
Mensaje X / 00:05:51:055 / accessnetworkb(05) / in /     20.00000 para subnetftob(07)
Mensaje D / 00:05:51:055 / subnetftob(07) / 00:00:03:679 para accessnetworkb(05)
Mensaje D / 00:05:51:055 / accessnetworkb(05) / 00:00:03:679 para top(01)
Mensaje D / 00:05:51:055 / top(01) / 00:00:03:679 para Root(00)
Mensaje * / 00:05:54:734 / Root(00) para top(01)
Mensaje * / 00:05:54:734 / top(01) para accessnetworkb(05)
Mensaje * / 00:05:54:734 / accessnetworkb(05) para subnetftob(07)
Mensaje Y / 00:05:54:734 / subnetftob(07) / out /     20.00000 para accessnetworkb(05)
Mensaje D / 00:05:54:734 / subnetftob(07) / ... para accessnetworkb(05)
Mensaje Y / 00:05:54:734 / accessnetworkb(05) / outstob /     20.00000 para top(01)
Mensaje D / 00:05:54:734 / accessnetworkb(05) / ... para top(01)
Mensaje Y / 00:05:54:734 / top(01) / outntob /     20.00000 para Root(00)
Mensaje D / 00:05:54:734 / top(01) / 00:00:16:321 para Root(00)
Mensaje X / 00:06:10:000 / Root(00) / inbton /      0.00000 para top(01)
Mensaje X / 00:06:10:000 / top(01) / inbtos /      0.00000 para accessnetworkb(05)
Mensaje X / 00:06:10:000 / accessnetworkb(05) / in /      0.00000 para subnetbtof(06)
Mensaje D / 00:06:10:000 / subnetbtof(06) / 00:00:04:759 para accessnetworkb(05)
Mensaje D / 00:06:10:000 / accessnetworkb(05) / 00:00:04:759 para top(01)
Mensaje D / 00:06:10:000 / top(01) / 00:00:01:055 para Root(00)
Mensaje * / 00:06:11:055 / Root(00) para top(01)
Mensaje * / 00:06:11:055 / top(01) para fileexchangeserver(08)
Mensaje * / 00:06:11:055 / fileexchangeserver(08) para fileserversender(12)
Mensaje D / 00:06:11:055 / fileserversender(12) / 00:00:10:000 para fileexchangeserver(08)
Mensaje D / 00:06:11:055 / fileexchangeserver(08) / 00:00:10:000 para top(01)
Mensaje D / 00:06:11:055 / top(01) / 00:00:03:704 para Root(00)
Mensaje * / 00:06:14:759 / Root(00) para top(01)
Mensaje * / 00:06:14:759 / top(01) para accessnetworkb(05)
Mensaje * / 00:06:14:759 / accessnetworkb(05) para subnetbtof(06)
Mensaje Y / 00:06:14:759 / subnetbtof(06) / out /      0.00000 para accessnetworkb(05)
Mensaje D / 00:06:14:759 / subnetbtof(06) / ... para accessnetworkb(05)
Mensaje Y / 00:06:14:759 / accessnetworkb(05) / outstof /      0.00000 para top(01)
Mensaje D / 00:06:14:759 / accessnetworkb(05) / ... para top(01)
Mensaje X / 00:06:14:759 / top(01) / inbtof /      0.00000 para fileexchangeserver(08)
Mensaje X / 00:06:14:759 / fileexchangeserver(08) / ackin /      0.00000 para fileserversender(12)
Mensaje D / 00:06:14:759 / fileserversender(12) / 00:00:00:000 para fileexchangeserver(08)
Mensaje D / 00:06:14:759 / fileexchangeserver(08) / 00:00:00:000 para top(01)
Mensaje D / 00:06:14:759 / top(01) / 00:00:00:000 para Root(00)
Mensaje * / 00:06:14:759 / Root(00) para top(01)
Mensaje * / 00:06:14:759 / top(01) para fileexchangeserver(08)
Mensaje * / 00:06:14:759 / fileexchangeserver(08) para fileserversender(12)
Mensaje Y / 00:06:14:759 / fileserversender(12) / ackreceived /      1.00000 para fileexchangeserver(08)
Mensaje D / 00:06:14:759 / fileserversender(12) / ... para fileexchangeserver(08)
Mensaje X / 00:06:14:759 / fileexchangeserver(08) / deletedata /      1.00000 para tmpfilereadthread(09)
Mensaje D / 00:06:14:759 / tmpfilereadthread(09) / 00:00:00:000 para fileexchangeserver(08)
Mensaje D / 00:06:14:759 / fileexchangeserver(08) / 00:00:00:000 para top(01)
Mensaje D / 00:06:14:759 / top(01) / 00:00:00:000 para Root(00)
Mensaje * / 00:06:14:759 / Root(00) para top(01)
Mensaje * / 00:06:14:759 / top(01) para fileexchangeserver(08)
Mensaje * / 00:06:14:759 / fileexchangeserver(08) para tmpfilereadthread(09)
Mensaje Y / 00:06:14:759 / tmpfilereadthread(09) / dataout /      0.00000 para fileexchangeserver(08)
Mensaje D / 00:06:14:759 / tmpfilereadthread(09) / ... para fileexchangeserver(08)
Mensaje X / 00:06:14:759 / fileexchangeserver(08) / datain /      0.00000 para fileserversender(12)
Mensaje D / 00:06:14:759 / fileserversender(12) / 00:00:00:000 para fileexchangeserver(08)
Mensaje D / 00:06:14:759 / fileexchangeserver(08) / 00:00:00:000 para top(01)
Mensaje D / 00:06:14:759 / top(01) / 00:00:00:000 para Root(00)
Mensaje * / 00:06:14:759 / Root(00) para top(01)
Mensaje * / 00:06:14:759 / top(01) para fileexchangeserver(08)
Mensaje * / 00:06:14:759 / fileexchangeserver(08) para fileserversender(12)
Mensaje Y / 00:06:14:759 / fileserversender(12) / requestdata /      1.00000 para fileexchangeserver(08)
Mensaje D / 00:06:14:759 / fileserversender(12) / 00:00:20:000 para fileexchangeserver(08)
Mensaje X / 00:06:14:759 / fileexchangeserver(08) / requestdata /      1.00000 para tmpfilereadthread(09)
Mensaje D / 00:06:14:759 / tmpfilereadthread(09) / 00:00:00:000 para fileexchangeserver(08)
Mensaje D / 00:06:14:759 / fileexchangeserver(08) / 00:00:00:000 para top(01)
Mensaje D / 00:06:14:759 / top(01) / 00:00:00:000 para Root(00)
Mensaje * / 00:06:14:759 / Root(00) para top(01)
Mensaje * / 00:06:14:759 / top(01) para fileexchangeserver(08)
Mensaje * / 00:06:14:759 / fileexchangeserver(08) para tmpfilereadthread(09)
Mensaje Y / 00:06:14:759 / tmpfilereadthread(09) / dataout /      3.00000 para fileexchangeserver(08)
Mensaje D / 00:06:14:759 / tmpfilereadthread(09) / ... para fileexchangeserver(08)
Mensaje X / 00:06:14:759 / fileexchangeserver(08) / datain /      3.00000 para fileserversender(12)
Mensaje D / 00:06:14:759 / fileserversender(12) / 00:00:10:000 para fileexchangeserver(08)
Mensaje D / 00:06:14:759 / fileexchangeserver(08) / 00:00:10:000 para top(01)
Mensaje D / 00:06:14:759 / top(01) / 00:00:10:000 para Root(00)
Mensaje * / 00:06:24:759 / Root(00) para top(01)
Mensaje * / 00:06:24:759 / top(01) para fileexchangeserver(08)
Mensaje * / 00:06:24:759 / fileexchangeserver(08) para fileserversender(12)
Mensaje Y / 00:06:24:759 / fileserversender(12) / dataout /     31.00000 para fileexchangeserver(08)
Mensaje Y / 00:06:24:759 / fileserversender(12) / filesent /      3.00000 para fileexchangeserver(08)
Mensaje D / 00:06:24:759 / fileserversender(12) / 00:00:20:000 para fileexchangeserver(08)
Mensaje Y / 00:06:24:759 / fileexchangeserver(08) / outftob /     31.00000 para top(01)
Mensaje D / 00:06:24:759 / fileexchangeserver(08) / 00:00:20:000 para top(01)
Mensaje X / 00:06:24:759 / top(01) / inftos /     31.00000 para accessnetworkb(05)
Mensaje X / 00:06:24:759 / accessnetworkb(05) / in /     31.00000 para subnetftob(07)
Mensaje D / 00:06:24:759 / subnetftob(07) / 00:00:03:084 para accessnetworkb(05)
Mensaje D / 00:06:24:759 / accessnetworkb(05) / 00:00:03:084 para top(01)
Mensaje D / 00:06:24:759 / top(01) / 00:00:03:084 para Root(00)
Mensaje * / 00:06:27:843 / Root(00) para top(01)
Mensaje * / 00:06:27:843 / top(01) para accessnetworkb(05)
Mensaje * / 00:06:27:843 / accessnetworkb(05) para subnetftob(07)
Mensaje Y / 00:06:27:843 / subnetftob(07) / out /     31.00000 para accessnetworkb(05)
Mensaje D / 00:06:27:843 / subnetftob(07) / ... para accessnetworkb(05)
Mensaje Y / 00:06:27:843 / accessnetworkb(05) / outstob /     31.00000 para top(01)
Mensaje D / 00:06:27:843 / accessnetworkb(05) / ... para top(01)
Mensaje Y / 00:06:27:843 / top(01) / outntob /     31.00000 para Root(00)
Mensaje D / 00:06:27:843 / top(01) / 00:00:16:916 para Root(00)
Mensaje * / 00:06:44:759 / Root(00) para top(01)
Mensaje * / 00:06:44:759 / top(01) para fileexchangeserver(08)
Mensaje * / 00:06:44:759 / fileexchangeserver(08) para fileserversender(12)
Mensaje D / 00:06:44:759 / fileserversender(12) / 00:00:10:000 para fileexchangeserver(08)
Mensaje D / 00:06:44:759 / fileexchangeserver(08) / 00:00:10:000 para top(01)
Mensaje D / 00:06:44:759 / top(01) / 00:00:10:000 para Root(00)
Mensaje * / 00:06:54:759 / Root(00) para top(01)
Mensaje * / 00:06:54:759 / top(01) para fileexchangeserver(08)
Mensaje * / 00:06:54:759 / fileexchangeserver(08) para fileserversender(12)
Mensaje Y / 00:06:54:759 / fileserversender(12) / dataout /     31.00000 para fileexchangeserver(08)
Mensaje Y / 00:06:54:759 / fileserversender(12) / filesent /      3.00000 para fileexchangeserver(08)
Mensaje D / 00:06:54:759 / fileserversender(12) / 00:00:20:000 para fileexchangeserver(08)
Mensaje Y / 00:06:54:759 / fileexchangeserver(08) / outftob /     31.00000 para top(01)
Mensaje D / 00:06:54:759 / fileexchangeserver(08) / 00:00:20:000 para top(01)
Mensaje X / 00:06:54:759 / top(01) / inftos /     31.00000 para accessnetworkb(05)
Mensaje X / 00:06:54:759 / accessnetworkb(05) / in /     31.00000 para subnetftob(07)
Mensaje D / 00:06:54:759 / subnetftob(07) / 00:00:02:533 para accessnetworkb(05)
Mensaje D / 00:06:54:759 / accessnetworkb(05) / 00:00:02:533 para top(01)
Mensaje D / 00:06:54:759 / top(01) / 00:00:02:533 para Root(00)
Mensaje * / 00:06:57:292 / Root(00) para top(01)
Mensaje * / 00:06:57:292 / top(01) para accessnetworkb(05)
Mensaje * / 00:06:57:292 / accessnetworkb(05) para subnetftob(07)
Mensaje Y / 00:06:57:292 / subnetftob(07) / out /     31.00000 para accessnetworkb(05)
Mensaje D / 00:06:57:292 / subnetftob(07) / ... para accessnetworkb(05)
Mensaje Y / 00:06:57:292 / accessnetworkb(05) / outstob /     31.00000 para top(01)
Mensaje D / 00:06:57:292 / accessnetworkb(05) / ... para top(01)
Mensaje Y / 00:06:57:292 / top(01) / outntob /     31.00000 para Root(00)
Mensaje D / 00:06:57:292 / top(01) / 00:00:17:467 para Root(00)
Mensaje X / 00:07:10:000 / Root(00) / inbton /      1.00000 para top(01)
Mensaje X / 00:07:10:000 / top(01) / inbtos /      1.00000 para accessnetworkb(05)
Mensaje X / 00:07:10:000 / accessnetworkb(05) / in /      1.00000 para subnetbtof(06)
Mensaje D / 00:07:10:000 / subnetbtof(06) / 00:00:01:704 para accessnetworkb(05)
Mensaje D / 00:07:10:000 / accessnetworkb(05) / 00:00:01:704 para top(01)
Mensaje D / 00:07:10:000 / top(01) / 00:00:01:704 para Root(00)
Mensaje * / 00:07:11:704 / Root(00) para top(01)
Mensaje * / 00:07:11:704 / top(01) para accessnetworkb(05)
Mensaje * / 00:07:11:704 / accessnetworkb(05) para subnetbtof(06)
Mensaje Y / 00:07:11:704 / subnetbtof(06) / out /      1.00000 para accessnetworkb(05)
Mensaje D / 00:07:11:704 / subnetbtof(06) / ... para accessnetworkb(05)
Mensaje Y / 00:07:11:704 / accessnetworkb(05) / outstof /      1.00000 para top(01)
Mensaje D / 00:07:11:704 / accessnetworkb(05) / ... para top(01)
Mensaje X / 00:07:11:704 / top(01) / inbtof /      1.00000 para fileexchangeserver(08)
Mensaje X / 00:07:11:704 / fileexchangeserver(08) / ackin /      1.00000 para fileserversender(12)
Mensaje D / 00:07:11:704 / fileserversender(12) / 00:00:00:000 para fileexchangeserver(08)
Mensaje D / 00:07:11:704 / fileexchangeserver(08) / 00:00:00:000 para top(01)
Mensaje D / 00:07:11:704 / top(01) / 00:00:00:000 para Root(00)
Mensaje * / 00:07:11:704 / Root(00) para top(01)
Mensaje * / 00:07:11:704 / top(01) para fileexchangeserver(08)
Mensaje * / 00:07:11:704 / fileexchangeserver(08) para fileserversender(12)
Mensaje Y / 00:07:11:704 / fileserversender(12) / ackreceived /      1.00000 para fileexchangeserver(08)
Mensaje D / 00:07:11:704 / fileserversender(12) / ... para fileexchangeserver(08)
Mensaje X / 00:07:11:704 / fileexchangeserver(08) / deletedata /      1.00000 para tmpfilereadthread(09)
Mensaje D / 00:07:11:704 / tmpfilereadthread(09) / 00:00:00:000 para fileexchangeserver(08)
Mensaje D / 00:07:11:704 / fileexchangeserver(08) / 00:00:00:000 para top(01)
Mensaje D / 00:07:11:704 / top(01) / 00:00:00:000 para Root(00)
Mensaje * / 00:07:11:704 / Root(00) para top(01)
Mensaje * / 00:07:11:704 / top(01) para fileexchangeserver(08)
Mensaje * / 00:07:11:704 / fileexchangeserver(08) para tmpfilereadthread(09)
Mensaje Y / 00:07:11:704 / tmpfilereadthread(09) / dataout /      0.00000 para fileexchangeserver(08)
Mensaje D / 00:07:11:704 / tmpfilereadthread(09) / ... para fileexchangeserver(08)
Mensaje X / 00:07:11:704 / fileexchangeserver(08) / datain /      0.00000 para fileserversender(12)
Mensaje D / 00:07:11:704 / fileserversender(12) / 00:00:00:000 para fileexchangeserver(08)
Mensaje D / 00:07:11:704 / fileexchangeserver(08) / 00:00:00:000 para top(01)
Mensaje D / 00:07:11:704 / top(01) / 00:00:00:000 para Root(00)
Mensaje * / 00:07:11:704 / Root(00) para top(01)
Mensaje * / 00:07:11:704 / top(01) para fileexchangeserver(08)
Mensaje * / 00:07:11:704 / fileexchangeserver(08) para fileserversender(12)
Mensaje Y / 00:07:11:704 / fileserversender(12) / requestdata /      1.00000 para fileexchangeserver(08)
Mensaje D / 00:07:11:704 / fileserversender(12) / 00:00:20:000 para fileexchangeserver(08)
Mensaje X / 00:07:11:704 / fileexchangeserver(08) / requestdata /      1.00000 para tmpfilereadthread(09)
Mensaje D / 00:07:11:704 / tmpfilereadthread(09) / 00:00:00:000 para fileexchangeserver(08)
Mensaje D / 00:07:11:704 / fileexchangeserver(08) / 00:00:00:000 para top(01)
Mensaje D / 00:07:11:704 / top(01) / 00:00:00:000 para Root(00)
Mensaje * / 00:07:11:704 / Root(00) para top(01)
Mensaje * / 00:07:11:704 / top(01) para fileexchangeserver(08)
Mensaje * / 00:07:11:704 / fileexchangeserver(08) para tmpfilereadthread(09)
Mensaje Y / 00:07:11:704 / tmpfilereadthread(09) / dataout /      4.00000 para fileexchangeserver(08)
Mensaje D / 00:07:11:704 / tmpfilereadthread(09) / ... para fileexchangeserver(08)
Mensaje X / 00:07:11:704 / fileexchangeserver(08) / datain /      4.00000 para fileserversender(12)
Mensaje D / 00:07:11:704 / fileserversender(12) / 00:00:10:000 para fileexchangeserver(08)
Mensaje D / 00:07:11:704 / fileexchangeserver(08) / 00:00:10:000 para top(01)
Mensaje D / 00:07:11:704 / top(01) / 00:00:10:000 para Root(00)
Mensaje * / 00:07:21:704 / Root(00) para top(01)
Mensaje * / 00:07:21:704 / top(01) para fileexchangeserver(08)
Mensaje * / 00:07:21:704 / fileexchangeserver(08) para fileserversender(12)
Mensaje Y / 00:07:21:704 / fileserversender(12) / dataout /     40.00000 para fileexchangeserver(08)
Mensaje Y / 00:07:21:704 / fileserversender(12) / filesent /      4.00000 para fileexchangeserver(08)
Mensaje D / 00:07:21:704 / fileserversender(12) / 00:00:20:000 para fileexchangeserver(08)
Mensaje Y / 00:07:21:704 / fileexchangeserver(08) / outftob /     40.00000 para top(01)
Mensaje D / 00:07:21:704 / fileexchangeserver(08) / 00:00:20:000 para top(01)
Mensaje X / 00:07:21:704 / top(01) / inftos /     40.00000 para accessnetworkb(05)
Mensaje X / 00:07:21:704 / accessnetworkb(05) / in /     40.00000 para subnetftob(07)
Mensaje D / 00:07:21:704 / subnetftob(07) / 00:00:02:419 para accessnetworkb(05)
Mensaje D / 00:07:21:704 / accessnetworkb(05) / 00:00:02:419 para top(01)
Mensaje D / 00:07:21:704 / top(01) / 00:00:02:419 para Root(00)
Mensaje * / 00:07:24:123 / Root(00) para top(01)
Mensaje * / 00:07:24:123 / top(01) para accessnetworkb(05)
Mensaje * / 00:07:24:123 / accessnetworkb(05) para subnetftob(07)
Mensaje Y / 00:07:24:123 / subnetftob(07) / out /     40.00000 para accessnetworkb(05)
Mensaje D / 00:07:24:123 / subnetftob(07) / ... para accessnetworkb(05)
Mensaje Y / 00:07:24:123 / accessnetworkb(05) / outstob /     40.00000 para top(01)
Mensaje D / 00:07:24:123 / accessnetworkb(05) / ... para top(01)
Mensaje Y / 00:07:24:123 / top(01) / outntob /     40.00000 para Root(00)
Mensaje D / 00:07:24:123 / top(01) / 00:00:17:581 para Root(00)
Mensaje * / 00:07:41:704 / Root(00) para top(01)
Mensaje * / 00:07:41:704 / top(01) para fileexchangeserver(08)
Mensaje * / 00:07:41:704 / fileexchangeserver(08) para fileserversender(12)
Mensaje D / 00:07:41:704 / fileserversender(12) / 00:00:10:000 para fileexchangeserver(08)
Mensaje D / 00:07:41:704 / fileexchangeserver(08) / 00:00:10:000 para top(01)
Mensaje D / 00:07:41:704 / top(01) / 00:00:10:000 para Root(00)
Mensaje * / 00:07:51:704 / Root(00) para top(01)
Mensaje * / 00:07:51:704 / top(01) para fileexchangeserver(08)
Mensaje * / 00:07:51:704 / fileexchangeserver(08) para fileserversender(12)
Mensaje Y / 00:07:51:704 / fileserversender(12) / dataout /     40.00000 para fileexchangeserver(08)
Mensaje Y / 00:07:51:704 / fileserversender(12) / filesent /      4.00000 para fileexchangeserver(08)
Mensaje D / 00:07:51:704 / fileserversender(12) / 00:00:20:000 para fileexchangeserver(08)
Mensaje Y / 00:07:51:704 / fileexchangeserver(08) / outftob /     40.00000 para top(01)
Mensaje D / 00:07:51:704 / fileexchangeserver(08) / 00:00:20:000 para top(01)
Mensaje X / 00:07:51:704 / top(01) / inftos /     40.00000 para accessnetworkb(05)
Mensaje X / 00:07:51:704 / accessnetworkb(05) / in /     40.00000 para subnetftob(07)
Mensaje D / 00:07:51:704 / subnetftob(07) / 00:00:03:226 para accessnetworkb(05)
Mensaje D / 00:07:51:704 / accessnetworkb(05) / 00:00:03:226 para top(01)
Mensaje D / 00:07:51:704 / top(01) / 00:00:03:226 para Root(00)
Mensaje * / 00:07:54:930 / Root(00) para top(01)
Mensaje * / 00:07:54:930 / top(01) para accessnetworkb(05)
Mensaje * / 00:07:54:930 / accessnetworkb(05) para subnetftob(07)
Mensaje Y / 00:07:54:930 / subnetftob(07) / out /     40.00000 para accessnetworkb(05)
Mensaje D / 00:07:54:930 / subnetftob(07) / ... para accessnetworkb(05)
Mensaje Y / 00:07:54:930 / accessnetworkb(05) / outstob /     40.00000 para top(01)
Mensaje D / 00:07:54:930 / accessnetworkb(05) / ... para top(01)
Mensaje Y / 00:07:54:930 / top(01) / outntob /     40.00000 para Root(00)
Mensaje D / 00:07:54:930 / top(01) / 00:00:16:774 para Root(00)
Mensaje X / 00:08:10:000 / Root(00) / inbton /      0.00000 para top(01)
Mensaje X / 00:08:10:000 / top(01) / inbtos /      0.00000 para accessnetworkb(05)
Mensaje X / 00:08:10:000 / accessnetworkb(05) / in /      0.00000 para subnetbtof(06)
Mensaje D / 00:08:10:000 / subnetbtof(06) / 00:00:04:868 para accessnetworkb(05)
Mensaje D / 00:08:10:000 / accessnetworkb(05) / 00:00:04:868 para top(01)
Mensaje D / 00:08:10:000 / top(01) / 00:00:01:704 para Root(00)
Mensaje * / 00:08:11:704 / Root(00) para top(01)
Mensaje * / 00:08:11:704 / top(01) para fileexchangeserver(08)
Mensaje * / 00:08:11:704 / fileexchangeserver(08) para fileserversender(12)
Mensaje D / 00:08:11:704 / fileserversender(12) / 00:00:10:000 para fileexchangeserver(08)
Mensaje D / 00:08:11:704 / fileexchangeserver(08) / 00:00:10:000 para top(01)
Mensaje D / 00:08:11:704 / top(01) / 00:00:03:164 para Root(00)
Mensaje * / 00:08:14:868 / Root(00) para top(01)
Mensaje * / 00:08:14:868 / top(01) para accessnetworkb(05)
Mensaje * / 00:08:14:868 / accessnetworkb(05) para subnetbtof(06)
Mensaje Y / 00:08:14:868 / subnetbtof(06) / out /      0.00000 para accessnetworkb(05)
Mensaje D / 00:08:14:868 / subnetbtof(06) / ... para accessnetworkb(05)
Mensaje Y / 00:08:14:868 / accessnetworkb(05) / outstof /      0.00000 para top(01)
Mensaje D / 00:08:14:868 / accessnetworkb(05) / ... para top(01)
Mensaje X / 00:08:14:868 / top(01) / inbtof /      0.00000 para fileexchangeserver(08)
Mensaje X / 00:08:14:868 / fileexchangeserver(08) / ackin /      0.00000 para fileserversender(12)
Mensaje D / 00:08:14:868 / fileserversender(12) / 00:00:00:000 para fileexchangeserver(08)
Mensaje D / 00:08:14:868 / fileexchangeserver(08) / 00:00:00:000 para top(01)
Mensaje D / 00:08:14:868 / top(01) / 00:00:00:000 para Root(00)
Mensaje * / 00:08:14:868 / Root(00) para top(01)
Mensaje * / 00:08:14:868 / top(01) para fileexchangeserver(08)
Mensaje * / 00:08:14:868 / fileexchangeserver(08) para fileserversender(12)
Mensaje Y / 00:08:14:868 / fileserversender(12) / ackreceived /      1.00000 para fileexchangeserver(08)
Mensaje D / 00:08:14:868 / fileserversender(12) / ... para fileexchangeserver(08)
Mensaje X / 00:08:14:868 / fileexchangeserver(08) / deletedata /      1.00000 para tmpfilereadthread(09)
Mensaje D / 00:08:14:868 / tmpfilereadthread(09) / 00:00:00:000 para fileexchangeserver(08)
Mensaje D / 00:08:14:868 / fileexchangeserver(08) / 00:00:00:000 para top(01)
Mensaje D / 00:08:14:868 / top(01) / 00:00:00:000 para Root(00)
Mensaje * / 00:08:14:868 / Root(00) para top(01)
Mensaje * / 00:08:14:868 / top(01) para fileexchangeserver(08)
Mensaje * / 00:08:14:868 / fileexchangeserver(08) para tmpfilereadthread(09)
Mensaje Y / 00:08:14:868 / tmpfilereadthread(09) / dataout /      0.00000 para fileexchangeserver(08)
Mensaje D / 00:08:14:868 / tmpfilereadthread(09) / ... para fileexchangeserver(08)
Mensaje X / 00:08:14:868 / fileexchangeserver(08) / datain /      0.00000 para fileserversender(12)
Mensaje D / 00:08:14:868 / fileserversender(12) / 00:00:00:000 para fileexchangeserver(08)
Mensaje D / 00:08:14:868 / fileexchangeserver(08) / 00:00:00:000 para top(01)
Mensaje D / 00:08:14:868 / top(01) / 00:00:00:000 para Root(00)
Mensaje * / 00:08:14:868 / Root(00) para top(01)
Mensaje * / 00:08:14:868 / top(01) para fileexchangeserver(08)
Mensaje * / 00:08:14:868 / fileexchangeserver(08) para fileserversender(12)
Mensaje Y / 00:08:14:868 / fileserversender(12) / requestdata /      1.00000 para fileexchangeserver(08)
Mensaje D / 00:08:14:868 / fileserversender(12) / 00:00:20:000 para fileexchangeserver(08)
Mensaje X / 00:08:14:868 / fileexchangeserver(08) / requestdata /      1.00000 para tmpfilereadthread(09)
Mensaje D / 00:08:14:868 / tmpfilereadthread(09) / 00:00:00:000 para fileexchangeserver(08)
Mensaje D / 00:08:14:868 / fileexchangeserver(08) / 00:00:00:000 para top(01)
Mensaje D / 00:08:14:868 / top(01) / 00:00:00:000 para Root(00)
Mensaje * / 00:08:14:868 / Root(00) para top(01)
Mensaje * / 00:08:14:868 / top(01) para fileexchangeserver(08)
Mensaje * / 00:08:14:868 / fileexchangeserver(08) para tmpfilereadthread(09)
Mensaje Y / 00:08:14:868 / tmpfilereadthread(09) / dataout /      5.00000 para fileexchangeserver(08)
Mensaje D / 00:08:14:868 / tmpfilereadthread(09) / ... para fileexchangeserver(08)
Mensaje X / 00:08:14:868 / fileexchangeserver(08) / datain /      5.00000 para fileserversender(12)
Mensaje D / 00:08:14:868 / fileserversender(12) / 00:00:10:000 para fileexchangeserver(08)
Mensaje D / 00:08:14:868 / fileexchangeserver(08) / 00:00:10:000 para top(01)
Mensaje D / 00:08:14:868 / top(01) / 00:00:10:000 para Root(00)
Mensaje * / 00:08:24:868 / Root(00) para top(01)
Mensaje * / 00:08:24:868 / top(01) para fileexchangeserver(08)
Mensaje * / 00:08:24:868 / fileexchangeserver(08) para fileserversender(12)
Mensaje Y / 00:08:24:868 / fileserversender(12) / dataout /     51.00000 para fileexchangeserver(08)
Mensaje Y / 00:08:24:868 / fileserversender(12) / filesent /      5.00000 para fileexchangeserver(08)
Mensaje D / 00:08:24:868 / fileserversender(12) / 00:00:20:000 para fileexchangeserver(08)
Mensaje Y / 00:08:24:868 / fileexchangeserver(08) / outftob /     51.00000 para top(01)
Mensaje D / 00:08:24:868 / fileexchangeserver(08) / 00:00:20:000 para top(01)
Mensaje X / 00:08:24:868 / top(01) / inftos /     51.00000 para accessnetworkb(05)
Mensaje X / 00:08:24:868 / accessnetworkb(05) / in /     51.00000 para subnetftob(07)
Mensaje D / 00:08:24:868 / subnetftob(07) / 00:00:02:726 para accessnetworkb(05)
Mensaje D / 00:08:24:868 / accessnetworkb(05) / 00:00:02:726 para top(01)
Mensaje D / 00:08:24:868 / top(01) / 00:00:02:726 para Root(00)
Mensaje * / 00:08:27:594 / Root(00) para top(01)
Mensaje * / 00:08:27:594 / top(01) para accessnetworkb(05)
Mensaje * / 00:08:27:594 / accessnetworkb(05) para subnetftob(07)
Mensaje Y / 00:08:27:594 / subnetftob(07) / out /     51.00000 para accessnetworkb(05)
Mensaje D / 00:08:27:594 / subnetftob(07) / ... para accessnetworkb(05)
Mensaje Y / 00:08:27:594 / accessnetworkb(05) / outstob /     51.00000 para top(01)
Mensaje D / 00:08:27:594 / accessnetworkb(05) / ... para top(01)
Mensaje Y / 00:08:27:594 / top(01) / outntob /     51.00000 para Root(00)
Mensaje D / 00:08:27:594 / top(01) / 00:00:17:274 para Root(00)
Mensaje * / 00:08:44:868 / Root(00) para top(01)
Mensaje * / 00:08:44:868 / top(01) para fileexchangeserver(08)
Mensaje * / 00:08:44:868 / fileexchangeserver(08) para fileserversender(12)
Mensaje D / 00:08:44:868 / fileserversender(12) / 00:00:10:000 para fileexchangeserver(08)
Mensaje D / 00:08:44:868 / fileexchangeserver(08) / 00:00:10:000 para top(01)
Mensaje D / 00:08:44:868 / top(01) / 00:00:10:000 para Root(00)
Mensaje * / 00:08:54:868 / Root(00) para top(01)
Mensaje * / 00:08:54:868 / top(01) para fileexchangeserver(08)
Mensaje * / 00:08:54:868 / fileexchangeserver(08) para fileserversender(12)
Mensaje Y / 00:08:54:868 / fileserversender(12) / dataout /     51.00000 para fileexchangeserver(08)
Mensaje Y / 00:08:54:868 / fileserversender(12) / filesent /      5.00000 para fileexchangeserver(08)
Mensaje D / 00:08:54:868 / fileserversender(12) / 00:00:20:000 para fileexchangeserver(08)
Mensaje Y / 00:08:54:868 / fileexchangeserver(08) / outftob /     51.00000 para top(01)
Mensaje D / 00:08:54:868 / fileexchangeserver(08) / 00:00:20:000 para top(01)
Mensaje X / 00:08:54:868 / top(01) / inftos /     51.00000 para accessnetworkb(05)
Mensaje X / 00:08:54:868 / accessnetworkb(05) / in /     51.00000 para subnetftob(07)
Mensaje D / 00:08:54:868 / subnetftob(07) / 00:00:04:622 para accessnetworkb(05)
Mensaje D / 00:08:54:868 / accessnetworkb(05) / 00:00:04:622 para top(01)
Mensaje D / 00:08:54:868 / top(01) / 00:00:04:622 para Root(00)
Mensaje * / 00:08:59:490 / Root(00) para top(01)
Mensaje * / 00:08:59:490 / top(01) para accessnetworkb(05)
Mensaje * / 00:08:59:490 / accessnetworkb(05) para subnetftob(07)
Mensaje Y / 00:08:59:490 / subnetftob(07) / out /     51.00000 para accessnetworkb(05)
Mensaje D / 00:08:59:490 / subnetftob(07) / ... para accessnetworkb(05)
Mensaje Y / 00:08:59:490 / accessnetworkb(05) / outstob /     51.00000 para top(01)
Mensaje D / 00:08:59:490 / accessnetworkb(05) / ... para top(01)
Mensaje Y / 00:08:59:490 / top(01) / outntob /     51.00000 para Root(00)
Mensaje D / 00:08:59:490 / top(01) / 00:00:15:378 para Root(00)
Mensaje X / 00:09:10:000 / Root(00) / inbton /      1.00000 para top(01)
Mensaje X / 00:09:10:000 / top(01) / inbtos /      1.00000 para accessnetworkb(05)
Mensaje X / 00:09:10:000 / accessnetworkb(05) / in /      1.00000 para subnetbtof(06)
Mensaje D / 00:09:10:000 / subnetbtof(06) / 00:00:02:382 para accessnetworkb(05)
Mensaje D / 00:09:10:000 / accessnetworkb(05) / 00:00:02:382 para top(01)
Mensaje D / 00:09:10:000 / top(01) / 00:00:02:382 para Root(00)
Mensaje * / 00:09:12:382 / Root(00) para top(01)
Mensaje * / 00:09:12:382 / top(01) para accessnetworkb(05)
Mensaje * / 00:09:12:382 / accessnetworkb(05) para subnetbtof(06)
Mensaje Y / 00:09:12:382 / subnetbtof(06) / out /      1.00000 para accessnetworkb(05)
Mensaje D / 00:09:12:382 / subnetbtof(06) / ... para accessnetworkb(05)
Mensaje Y / 00:09:12:382 / accessnetworkb(05) / outstof /      1.00000 para top(01)
Mensaje D / 00:09:12:382 / accessnetworkb(05) / ... para top(01)
Mensaje X / 00:09:12:382 / top(01) / inbtof /      1.00000 para fileexchangeserver(08)
Mensaje X / 00:09:12:382 / fileexchangeserver(08) / ackin /      1.00000 para fileserversender(12)
Mensaje D / 00:09:12:382 / fileserversender(12) / 00:00:00:000 para fileexchangeserver(08)
Mensaje D / 00:09:12:382 / fileexchangeserver(08) / 00:00:00:000 para top(01)
Mensaje D / 00:09:12:382 / top(01) / 00:00:00:000 para Root(00)
Mensaje * / 00:09:12:382 / Root(00) para top(01)
Mensaje * / 00:09:12:382 / top(01) para fileexchangeserver(08)
Mensaje * / 00:09:12:382 / fileexchangeserver(08) para fileserversender(12)
Mensaje Y / 00:09:12:382 / fileserversender(12) / ackreceived /      1.00000 para fileexchangeserver(08)
Mensaje D / 00:09:12:382 / fileserversender(12) / ... para fileexchangeserver(08)
Mensaje X / 00:09:12:382 / fileexchangeserver(08) / deletedata /      1.00000 para tmpfilereadthread(09)
Mensaje D / 00:09:12:382 / tmpfilereadthread(09) / 00:00:00:000 para fileexchangeserver(08)
Mensaje D / 00:09:12:382 / fileexchangeserver(08) / 00:00:00:000 para top(01)
Mensaje D / 00:09:12:382 / top(01) / 00:00:00:000 para Root(00)
Mensaje * / 00:09:12:382 / Root(00) para top(01)
Mensaje * / 00:09:12:382 / top(01) para fileexchangeserver(08)
Mensaje * / 00:09:12:382 / fileexchangeserver(08) para tmpfilereadthread(09)
Mensaje Y / 00:09:12:382 / tmpfilereadthread(09) / dataout /     -2.00000 para fileexchangeserver(08)
Mensaje D / 00:09:12:382 / tmpfilereadthread(09) / ... para fileexchangeserver(08)
Mensaje X / 00:09:12:382 / fileexchangeserver(08) / datain /     -2.00000 para fileserversender(12)
Mensaje D / 00:09:12:382 / fileserversender(12) / 00:00:00:000 para fileexchangeserver(08)
Mensaje D / 00:09:12:382 / fileexchangeserver(08) / 00:00:00:000 para top(01)
Mensaje D / 00:09:12:382 / top(01) / 00:00:00:000 para Root(00)
Mensaje * / 00:09:12:382 / Root(00) para top(01)
Mensaje * / 00:09:12:382 / top(01) para fileexchangeserver(08)
Mensaje * / 00:09:12:382 / fileexchangeserver(08) para fileserversender(12)
Mensaje D / 00:09:12:382 / fileserversender(12) / ... para fileexchangeserver(08)
Mensaje D / 00:09:12:382 / fileexchangeserver(08) / ... para top(01)
Mensaje D / 00:09:12:382 / top(01) / ... para Root(00)
Mensaje X / 00:10:10:000 / Root(00) / inbton /      0.00000 para top(01)
Mensaje X / 00:10:10:000 / top(01) / inbtos /      0.00000 para accessnetworkb(05)
Mensaje X / 00:10:10:000 / accessnetworkb(05) / in /      0.00000 para subnetbtof(06)
Mensaje D / 00:10:10:000 / subnetbtof(06) / 00:00:03:112 para accessnetworkb(05)
Mensaje D / 00:10:10:000 / accessnetworkb(05) / 00:00:03:112 para top(01)
Mensaje D / 00:10:10:000 / top(01) / 00:00:03:112 para Root(00)
Mensaje * / 00:10:13:112 / Root(00) para top(01)
Mensaje * / 00:10:13:112 / top(01) para accessnetworkb(05)
Mensaje * / 00:10:13:112 / accessnetworkb(05) para subnetbtof(06)
Mensaje D / 00:10:13:112 / subnetbtof(06) / ... para accessnetworkb(05)
Mensaje D / 00:10:13:112 / accessnetworkb(05) / ... para top(01)
Mensaje D / 00:10:13:112 / top(01) / ... para Root(00)
Mensaje X / 00:11:10:000 / Root(00) / inbton /      1.00000 para top(01)
Mensaje X / 00:11:10:000 / top(01) / inbtos /      1.00000 para accessnetworkb(05)
Mensaje X / 00:11:10:000 / accessnetworkb(05) / in /      1.00000 para subnetbtof(06)
Mensaje D / 00:11:10:000 / subnetbtof(06) / 00:00:02:837 para accessnetworkb(05)
Mensaje D / 00:11:10:000 / accessnetworkb(05) / 00:00:02:837 para top(01)
Mensaje D / 00:11:10:000 / top(01) / 00:00:02:837 para Root(00)
Mensaje * / 00:11:12:837 / Root(00) para top(01)
Mensaje * / 00:11:12:837 / top(01) para accessnetworkb(05)
Mensaje * / 00:11:12:837 / accessnetworkb(05) para subnetbtof(06)
Mensaje Y / 00:11:12:837 / subnetbtof(06) / out /      1.00000 para accessnetworkb(05)
Mensaje D / 00:11:12:837 / subnetbtof(06) / ... para accessnetworkb(05)
Mensaje Y / 00:11:12:837 / accessnetworkb(05) / outstof /      1.00000 para top(01)
Mensaje D / 00:11:12:837 / accessnetworkb(05) / ... para top(01)
Mensaje X / 00:11:12:837 / top(01) / inbtof /      1.00000 para fileexchangeserver(08)
Mensaje X / 00:11:12:837 / fileexchangeserver(08) / ackin /      1.00000 para fileserversender(12)
Mensaje D / 00:11:12:837 / fileserversender(12) / ... para fileexchangeserver(08)
Mensaje D / 00:11:12:837 / fileexchangeserver(08) / ... para top(01)
Mensaje D / 00:11:12:837 / top(01) / ... para Root(00)
Mensaje X / 00:12:10:000 / Root(00) / inbton /      0.00000 para top(01)
Mensaje X / 00:12:10:000 / top(01) / inbtos /      0.00000 para accessnetworkb(05)
Mensaje X / 00:12:10:000 / accessnetworkb(05) / in /      0.00000 para subnetbtof(06)
Mensaje D / 00:12:10:000 / subnetbtof(06) / 00:00:03:314 para accessnetworkb(05)
Mensaje D / 00:12:10:000 / accessnetworkb(05) / 00:00:03:314 para top(01)
Mensaje D / 00:12:10:000 / top(01) / 00:00:03:314 para Root(00)
Mensaje * / 00:12:13:314 / Root(00) para top(01)
Mensaje * / 00:12:13:314 / top(01) para accessnetworkb(05)
Mensaje * / 00:12:13:314 / accessnetworkb(05) para subnetbtof(06)
Mensaje D / 00:12:13:314 / subnetbtof(06) / ... para accessnetworkb(05)
Mensaje D / 00:12:13:314 / accessnetworkb(05) / ... para top(01)
Mensaje D / 00:12:13:314 / top(01) / ... para Root(00)
Mensaje X / 00:13:10:000 / Root(00) / inbton /      1.00000 para top(01)
Mensaje X / 00:13:10:000 / top(01) / inbtos /      1.00000 para accessnetworkb(05)
Mensaje X / 00:13:10:000 / accessnetworkb(05) / in /      1.00000 para subnetbtof(06)
Mensaje D / 00:13:10:000 / subnetbtof(06) / 00:00:01:499 para accessnetworkb(05)
Mensaje D / 00:13:10:000 / accessnetworkb(05) / 00:00:01:499 para top(01)
Mensaje D / 00:13:10:000 / top(01) / 00:00:01:499 para Root(00)
Mensaje * / 00:13:11:499 / Root(00) para top(01)
Mensaje * / 00:13:11:499 / top(01) para accessnetworkb(05)
Mensaje * / 00:13:11:499 / accessnetworkb(05) para subnetbtof(06)
Mensaje Y / 00:13:11:499 / subnetbtof(06) / out /      1.00000 para accessnetworkb(05)
Mensaje D / 00:13:11:499 / subnetbtof(06) / ... para accessnetworkb(05)
Mensaje Y / 00:13:11:499 / accessnetworkb(05) / outstof /      1.00000 para top(01)
Mensaje D / 00:13:11:499 / accessnetworkb(05) / ... para top(01)
Mensaje X / 00:13:11:499 / top(01) / inbtof /      1.00000 para fileexchangeserver(08)
Mensaje X / 00:13:11:499 / fileexchangeserver(08) / ackin /      1.00000 para fileserversender(12)
Mensaje D / 00:13:11:499 / fileserversender(12) / ... para fileexchangeserver(08)
Mensaje D / 00:13:11:499 / fileexchangeserver(08) / ... para top(01)
Mensaje D / 00:13:11:499 / top(01) / ... para Root(00)
