Mensaje I / 00:00:00:000 / Root(00) para top(01)
Mensaje I / 00:00:00:000 / top(01) para receiver(02)
Mensaje D / 00:00:00:000 / receiver(02) / ... para top(01)
Mensaje D / 00:00:00:000 / top(01) / ... para Root(00)
Mensaje X / 00:00:10:000 / Root(00) / in /     11.00000 para top(01)
Mensaje X / 00:00:10:000 / top(01) / in /     11.00000 para receiver(02)
Mensaje D / 00:00:10:000 / receiver(02) / 00:00:10:000 para top(01)
Mensaje D / 00:00:10:000 / top(01) / 00:00:10:000 para Root(00)
Mensaje * / 00:00:20:000 / Root(00) para top(01)
Mensaje * / 00:00:20:000 / top(01) para receiver(02)
Mensaje Y / 00:00:20:000 / receiver(02) / out /      1.00000 para top(01)
Mensaje Y / 00:00:20:000 / receiver(02) / outdata /      1.00000 para top(01)
Mensaje D / 00:00:20:000 / receiver(02) / ... para top(01)
Mensaje Y / 00:00:20:000 / top(01) / out /      1.00000 para Root(00)
Mensaje Y / 00:00:20:000 / top(01) / outdata /      1.00000 para Root(00)
Mensaje D / 00:00:20:000 / top(01) / ... para Root(00)
Mensaje X / 00:00:30:000 / Root(00) / in /     20.00000 para top(01)
Mensaje X / 00:00:30:000 / top(01) / in /     20.00000 para receiver(02)
Mensaje D / 00:00:30:000 / receiver(02) / 00:00:10:000 para top(01)
Mensaje D / 00:00:30:000 / top(01) / 00:00:10:000 para Root(00)
Mensaje * / 00:00:40:000 / Root(00) para top(01)
Mensaje * / 00:00:40:000 / top(01) para receiver(02)
Mensaje Y / 00:00:40:000 / receiver(02) / out /      0.00000 para top(01)
Mensaje Y / 00:00:40:000 / receiver(02) / outdata /      2.00000 para top(01)
Mensaje D / 00:00:40:000 / receiver(02) / ... para top(01)
Mensaje Y / 00:00:40:000 / top(01) / out /      0.00000 para Root(00)
Mensaje Y / 00:00:40:000 / top(01) / outdata /      2.00000 para Root(00)
Mensaje D / 00:00:40:000 / top(01) / ... para Root(00)
Mensaje X / 00:00:45:000 / Root(00) / in /     31.00000 para top(01)
Mensaje X / 00:00:45:000 / top(01) / in /     31.00000 para receiver(02)
Mensaje D / 00:00:45:000 / receiver(02) / 00:00:10:000 para top(01)
Mensaje D / 00:00:45:000 / top(01) / 00:00:10:000 para Root(00)
Mensaje X / 00:00:52:000 / Root(00) / in /     31.00000 para top(01)
Mensaje X / 00:00:52:000 / top(01) / in /     31.00000 para receiver(02)
Mensaje D / 00:00:52:000 / receiver(02) / 00:00:10:000 para top(01)
Mensaje D / 00:00:52:000 / top(01) / 00:00:10:000 para Root(00)
Mensaje * / 00:01:02:000 / Root(00) para top(01)
Mensaje * / 00:01:02:000 / top(01) para receiver(02)
Mensaje Y / 00:01:02:000 / receiver(02) / out /      1.00000 para top(01)
Mensaje Y / 00:01:02:000 / receiver(02) / outdata /      3.00000 para top(01)
Mensaje D / 00:01:02:000 / receiver(02) / ... para top(01)
Mensaje Y / 00:01:02:000 / top(01) / out /      1.00000 para Root(00)
Mensaje Y / 00:01:02:000 / top(01) / outdata /      3.00000 para Root(00)
Mensaje D / 00:01:02:000 / top(01) / ... para Root(00)
Mensaje X / 00:01:25:000 / Root(00) / in /     40.00000 para top(01)
Mensaje X / 00:01:25:000 / top(01) / in /     40.00000 para receiver(02)
Mensaje D / 00:01:25:000 / receiver(02) / 00:00:10:000 para top(01)
Mensaje D / 00:01:25:000 / top(01) / 00:00:10:000 para Root(00)
Mensaje X / 00:01:35:000 / Root(00) / in /     40.00000 para top(01)
Mensaje X / 00:01:35:000 / top(01) / in /     40.00000 para receiver(02)
Mensaje D / 00:01:35:000 / receiver(02) / 00:00:10:000 para top(01)
Mensaje D / 00:01:35:000 / top(01) / 00:00:10:000 para Root(00)
Mensaje * / 00:01:45:000 / Root(00) para top(01)
Mensaje * / 00:01:45:000 / top(01) para receiver(02)
Mensaje Y / 00:01:45:000 / receiver(02) / out /      0.00000 para top(01)
Mensaje Y / 00:01:45:000 / receiver(02) / outdata /      4.00000 para top(01)
Mensaje D / 00:01:45:000 / receiver(02) / ... para top(01)
Mensaje Y / 00:01:45:000 / top(01) / out /      0.00000 para Root(00)
Mensaje Y / 00:01:45:000 / top(01) / outdata /      4.00000 para Root(00)
Mensaje D / 00:01:45:000 / top(01) / ... para Root(00)
Mensaje X / 00:01:55:000 / Root(00) / in /     51.00000 para top(01)
Mensaje X / 00:01:55:000 / top(01) / in /     51.00000 para receiver(02)
Mensaje D / 00:01:55:000 / receiver(02) / 00:00:10:000 para top(01)
Mensaje D / 00:01:55:000 / top(01) / 00:00:10:000 para Root(00)
Mensaje * / 00:02:05:000 / Root(00) para top(01)
Mensaje * / 00:02:05:000 / top(01) para receiver(02)
Mensaje Y / 00:02:05:000 / receiver(02) / out /      1.00000 para top(01)
Mensaje Y / 00:02:05:000 / receiver(02) / outdata /      5.00000 para top(01)
Mensaje D / 00:02:05:000 / receiver(02) / ... para top(01)
Mensaje Y / 00:02:05:000 / top(01) / out /      1.00000 para Root(00)
Mensaje Y / 00:02:05:000 / top(01) / outdata /      5.00000 para Root(00)
Mensaje D / 00:02:05:000 / top(01) / ... para Root(00)
