Mensaje I / 00:00:00:000 / Root(00) para top(01)
Mensaje I / 00:00:00:000 / top(01) para sender(02)
Mensaje D / 00:00:00:000 / sender(02) / ... para top(01)
Mensaje D / 00:00:00:000 / top(01) / ... para Root(00)
Mensaje X / 00:00:00:000 / Root(00) / controlin /     -1.00000 para top(01)
Mensaje X / 00:00:00:000 / top(01) / controlin /     -1.00000 para sender(02)
Mensaje D / 00:00:00:000 / sender(02) / ... para top(01)
Mensaje D / 00:00:00:000 / top(01) / ... para Root(00)
Mensaje X / 00:00:05:000 / Root(00) / controlin /      0.00000 para top(01)
Mensaje X / 00:00:05:000 / top(01) / controlin /      0.00000 para sender(02)
Mensaje D / 00:00:05:000 / sender(02) / ... para top(01)
Mensaje D / 00:00:05:000 / top(01) / ... para Root(00)
Mensaje X / 00:00:10:000 / Root(00) / ackin /      0.00000 para top(01)
Mensaje X / 00:00:10:000 / top(01) / ackin /      0.00000 para sender(02)
Mensaje D / 00:00:10:000 / sender(02) / ... para top(01)
Mensaje D / 00:00:10:000 / top(01) / ... para Root(00)
Mensaje X / 00:00:15:000 / Root(00) / controlin /      5.00000 para top(01)
Mensaje X / 00:00:15:000 / top(01) / controlin /      5.00000 para sender(02)
Mensaje D / 00:00:15:000 / sender(02) / 00:00:10:000 para top(01)
Mensaje D / 00:00:15:000 / top(01) / 00:00:10:000 para Root(00)
Mensaje * / 00:00:25:000 / Root(00) para top(01)
Mensaje * / 00:00:25:000 / top(01) para sender(02)
Mensaje Y / 00:00:25:000 / sender(02) / dataout /     11.00000 para top(01)
Mensaje Y / 00:00:25:000 / sender(02) / filesent /      1.00000 para top(01)
Mensaje D / 00:00:25:000 / sender(02) / 00:00:20:000 para top(01)
Mensaje Y / 00:00:25:000 / top(01) / dataout /     11.00000 para Root(00)
Mensaje Y / 00:00:25:000 / top(01) / filesent /      1.00000 para Root(00)
Mensaje D / 00:00:25:000 / top(01) / 00:00:20:000 para Root(00)
Mensaje X / 00:00:30:000 / Root(00) / ackin /      1.00000 para top(01)
Mensaje X / 00:00:30:000 / top(01) / ackin /      1.00000 para sender(02)
Mensaje D / 00:00:30:000 / sender(02) / 00:00:00:000 para top(01)
Mensaje D / 00:00:30:000 / top(01) / 00:00:00:000 para Root(00)
Mensaje * / 00:00:30:000 / Root(00) para top(01)
Mensaje * / 00:00:30:000 / top(01) para sender(02)
Mensaje Y / 00:00:30:000 / sender(02) / ackreceived /      1.00000 para top(01)
Mensaje D / 00:00:30:000 / sender(02) / 00:00:10:000 para top(01)
Mensaje Y / 00:00:30:000 / top(01) / ackreceived /      1.00000 para Root(00)
Mensaje D / 00:00:30:000 / top(01) / 00:00:10:000 para Root(00)
Mensaje * / 00:00:40:000 / Root(00) para top(01)
Mensaje * / 00:00:40:000 / top(01) para sender(02)
Mensaje Y / 00:00:40:000 / sender(02) / dataout /     20.00000 para top(01)
Mensaje Y / 00:00:40:000 / sender(02) / filesent /      2.00000 para top(01)
Mensaje D / 00:00:40:000 / sender(02) / 00:00:20:000 para top(01)
Mensaje Y / 00:00:40:000 / top(01) / dataout /     20.00000 para Root(00)
Mensaje Y / 00:00:40:000 / top(01) / filesent /      2.00000 para Root(00)
Mensaje D / 00:00:40:000 / top(01) / 00:00:20:000 para Root(00)
Mensaje * / 00:01:00:000 / Root(00) para top(01)
Mensaje * / 00:01:00:000 / top(01) para sender(02)
Mensaje D / 00:01:00:000 / sender(02) / 00:00:10:000 para top(01)
Mensaje D / 00:01:00:000 / top(01) / 00:00:10:000 para Root(00)
Mensaje * / 00:01:10:000 / Root(00) para top(01)
Mensaje * / 00:01:10:000 / top(01) para sender(02)
Mensaje Y / 00:01:10:000 / sender(02) / dataout /     20.00000 para top(01)
Mensaje Y / 00:01:10:000 / sender(02) / filesent /      2.00000 para top(01)
Mensaje D / 00:01:10:000 / sender(02) / 00:00:20:000 para top(01)
Mensaje Y / 00:01:10:000 / top(01) / dataout /     20.00000 para Root(00)
Mensaje Y / 00:01:10:000 / top(01) / filesent /      2.00000 para Root(00)
Mensaje D / 00:01:10:000 / top(01) / 00:00:20:000 para Root(00)
Mensaje X / 00:01:30:000 / Root(00) / ackin /      0.00000 para top(01)
Mensaje X / 00:01:30:000 / top(01) / ackin /      0.00000 para sender(02)
Mensaje D / 00:01:30:000 / sender(02) / 00:00:00:000 para top(01)
Mensaje D / 00:01:30:000 / top(01) / 00:00:00:000 para Root(00)
Mensaje * / 00:01:30:000 / Root(00) para top(01)
Mensaje * / 00:01:30:000 / top(01) para sender(02)
Mensaje Y / 00:01:30:000 / sender(02) / ackreceived /      0.00000 para top(01)
Mensaje D / 00:01:30:000 / sender(02) / 00:00:10:000 para top(01)
Mensaje Y / 00:01:30:000 / top(01) / ackreceived /      0.00000 para Root(00)
Mensaje D / 00:01:30:000 / top(01) / 00:00:10:000 para Root(00)
Mensaje * / 00:01:40:000 / Root(00) para top(01)
Mensaje * / 00:01:40:000 / top(01) para sender(02)
Mensaje Y / 00:01:40:000 / sender(02) / dataout /     31.00000 para top(01)
Mensaje Y / 00:01:40:000 / sender(02) / filesent /      3.00000 para top(01)
Mensaje D / 00:01:40:000 / sender(02) / 00:00:20:000 para top(01)
Mensaje Y / 00:01:40:000 / top(01) / dataout /     31.00000 para Root(00)
Mensaje Y / 00:01:40:000 / top(01) / filesent /      3.00000 para Root(00)
Mensaje D / 00:01:40:000 / top(01) / 00:00:20:000 para Root(00)
Mensaje X / 00:01:55:000 / Root(00) / ackin /      1.00000 para top(01)
Mensaje X / 00:01:55:000 / top(01) / ackin /      1.00000 para sender(02)
Mensaje D / 00:01:55:000 / sender(02) / 00:00:00:000 para top(01)
Mensaje D / 00:01:55:000 / top(01) / 00:00:00:000 para Root(00)
Mensaje * / 00:01:55:000 / Root(00) para top(01)
Mensaje * / 00:01:55:000 / top(01) para sender(02)
Mensaje Y / 00:01:55:000 / sender(02) / ackreceived /      1.00000 para top(01)
Mensaje D / 00:01:55:000 / sender(02) / 00:00:10:000 para top(01)
Mensaje Y / 00:01:55:000 / top(01) / ackreceived /      1.00000 para Root(00)
Mensaje D / 00:01:55:000 / top(01) / 00:00:10:000 para Root(00)
Mensaje * / 00:02:05:000 / Root(00) para top(01)
Mensaje * / 00:02:05:000 / top(01) para sender(02)
Mensaje Y / 00:02:05:000 / sender(02) / dataout /     40.00000 para top(01)
Mensaje Y / 00:02:05:000 / sender(02) / filesent /      4.00000 para top(01)
Mensaje D / 00:02:05:000 / sender(02) / 00:00:20:000 para top(01)
Mensaje Y / 00:02:05:000 / top(01) / dataout /     40.00000 para Root(00)
Mensaje Y / 00:02:05:000 / top(01) / filesent /      4.00000 para Root(00)
Mensaje D / 00:02:05:000 / top(01) / 00:00:20:000 para Root(00)
Mensaje X / 00:02:20:000 / Root(00) / ackin /      1.00000 para top(01)
Mensaje X / 00:02:20:000 / top(01) / ackin /      1.00000 para sender(02)
Mensaje D / 00:02:20:000 / sender(02) / 00:00:05:000 para top(01)
Mensaje D / 00:02:20:000 / top(01) / 00:00:05:000 para Root(00)
Mensaje * / 00:02:25:000 / Root(00) para top(01)
Mensaje * / 00:02:25:000 / top(01) para sender(02)
Mensaje D / 00:02:25:000 / sender(02) / 00:00:10:000 para top(01)
Mensaje D / 00:02:25:000 / top(01) / 00:00:10:000 para Root(00)
Mensaje * / 00:02:35:000 / Root(00) para top(01)
Mensaje * / 00:02:35:000 / top(01) para sender(02)
Mensaje Y / 00:02:35:000 / sender(02) / dataout /     40.00000 para top(01)
Mensaje Y / 00:02:35:000 / sender(02) / filesent /      4.00000 para top(01)
Mensaje D / 00:02:35:000 / sender(02) / 00:00:20:000 para top(01)
Mensaje Y / 00:02:35:000 / top(01) / dataout /     40.00000 para Root(00)
Mensaje Y / 00:02:35:000 / top(01) / filesent /      4.00000 para Root(00)
Mensaje D / 00:02:35:000 / top(01) / 00:00:20:000 para Root(00)
Mensaje X / 00:02:45:000 / Root(00) / ackin /      0.00000 para top(01)
Mensaje X / 00:02:45:000 / top(01) / ackin /      0.00000 para sender(02)
Mensaje D / 00:02:45:000 / sender(02) / 00:00:00:000 para top(01)
Mensaje D / 00:02:45:000 / top(01) / 00:00:00:000 para Root(00)
Mensaje * / 00:02:45:000 / Root(00) para top(01)
Mensaje * / 00:02:45:000 / top(01) para sender(02)
Mensaje Y / 00:02:45:000 / sender(02) / ackreceived /      0.00000 para top(01)
Mensaje D / 00:02:45:000 / sender(02) / 00:00:10:000 para top(01)
Mensaje Y / 00:02:45:000 / top(01) / ackreceived /      0.00000 para Root(00)
Mensaje D / 00:02:45:000 / top(01) / 00:00:10:000 para Root(00)
Mensaje X / 00:02:50:000 / Root(00) / controlin /      3.00000 para top(01)
Mensaje X / 00:02:50:000 / top(01) / controlin /      3.00000 para sender(02)
Mensaje D / 00:02:50:000 / sender(02) / 00:00:05:000 para top(01)
Mensaje D / 00:02:50:000 / top(01) / 00:00:05:000 para Root(00)
Mensaje X / 00:02:55:000 / Root(00) / ackin /      1.00000 para top(01)
Mensaje X / 00:02:55:000 / top(01) / ackin /      1.00000 para sender(02)
Mensaje D / 00:02:55:000 / sender(02) / 00:00:00:000 para top(01)
Mensaje D / 00:02:55:000 / top(01) / 00:00:00:000 para Root(00)
Mensaje * / 00:02:55:000 / Root(00) para top(01)
Mensaje * / 00:02:55:000 / top(01) para sender(02)
Mensaje Y / 00:02:55:000 / sender(02) / ackreceived /      1.00000 para top(01)
Mensaje D / 00:02:55:000 / sender(02) / ... para top(01)
Mensaje Y / 00:02:55:000 / top(01) / ackreceived /      1.00000 para Root(00)
Mensaje D / 00:02:55:000 / top(01) / ... para Root(00)
