Mensaje I / 00:00:00:000 / Root(00) para top(01)
Mensaje I / 00:00:00:000 / top(01) para subnet1(02)
Mensaje D / 00:00:00:000 / subnet1(02) / ... para top(01)
Mensaje D / 00:00:00:000 / top(01) / ... para Root(00)
Mensaje X / 00:00:10:000 / Root(00) / in /     11.00000 para top(01)
Mensaje X / 00:00:10:000 / top(01) / in /     11.00000 para subnet1(02)
Mensaje D / 00:00:10:000 / subnet1(02) / 00:00:02:987 para top(01)
Mensaje D / 00:00:10:000 / top(01) / 00:00:02:987 para Root(00)
Mensaje * / 00:00:12:987 / Root(00) para top(01)
Mensaje * / 00:00:12:987 / top(01) para subnet1(02)
Mensaje Y / 00:00:12:987 / subnet1(02) / out /     11.00000 para top(01)
Mensaje D / 00:00:12:987 / subnet1(02) / ... para top(01)
Mensaje Y / 00:00:12:987 / top(01) / out /     11.00000 para Root(00)
Mensaje D / 00:00:12:987 / top(01) / ... para Root(00)
Mensaje X / 00:00:20:000 / Root(00) / in /     20.00000 para top(01)
Mensaje X / 00:00:20:000 / top(01) / in /     20.00000 para subnet1(02)
Mensaje D / 00:00:20:000 / subnet1(02) / 00:00:01:796 para top(01)
Mensaje D / 00:00:20:000 / top(01) / 00:00:01:796 para Root(00)
Mensaje * / 00:00:21:796 / Root(00) para top(01)
Mensaje * / 00:00:21:796 / top(01) para subnet1(02)
Mensaje Y / 00:00:21:796 / subnet1(02) / out /     20.00000 para top(01)
Mensaje D / 00:00:21:796 / subnet1(02) / ... para top(01)
Mensaje Y / 00:00:21:796 / top(01) / out /     20.00000 para Root(00)
Mensaje D / 00:00:21:796 / top(01) / ... para Root(00)
Mensaje X / 00:00:30:000 / Root(00) / in /     31.00000 para top(01)
Mensaje X / 00:00:30:000 / top(01) / in /     31.00000 para subnet1(02)
Mensaje D / 00:00:30:000 / subnet1(02) / 00:00:01:957 para top(01)
Mensaje D / 00:00:30:000 / top(01) / 00:00:01:957 para Root(00)
Mensaje * / 00:00:31:957 / Root(00) para top(01)
Mensaje * / 00:00:31:957 / top(01) para subnet1(02)
Mensaje Y / 00:00:31:957 / subnet1(02) / out /     31.00000 para top(01)
Mensaje D / 00:00:31:957 / subnet1(02) / ... para top(01)
Mensaje Y / 00:00:31:957 / top(01) / out /     31.00000 para Root(00)
Mensaje D / 00:00:31:957 / top(01) / ... para Root(00)
Mensaje X / 00:00:40:000 / Root(00) / in /     40.00000 para top(01)
Mensaje X / 00:00:40:000 / top(01) / in /     40.00000 para subnet1(02)
Mensaje D / 00:00:40:000 / subnet1(02) / 00:00:03:035 para top(01)
Mensaje D / 00:00:40:000 / top(01) / 00:00:03:035 para Root(00)
Mensaje * / 00:00:43:035 / Root(00) para top(01)
Mensaje * / 00:00:43:035 / top(01) para subnet1(02)
Mensaje Y / 00:00:43:035 / subnet1(02) / out /     40.00000 para top(01)
Mensaje D / 00:00:43:035 / subnet1(02) / ... para top(01)
Mensaje Y / 00:00:43:035 / top(01) / out /     40.00000 para Root(00)
Mensaje D / 00:00:43:035 / top(01) / ... para Root(00)
Mensaje X / 00:00:50:000 / Root(00) / in /     51.00000 para top(01)
Mensaje X / 00:00:50:000 / top(01) / in /     51.00000 para subnet1(02)
Mensaje D / 00:00:50:000 / subnet1(02) / 00:00:02:182 para top(01)
Mensaje D / 00:00:50:000 / top(01) / 00:00:02:182 para Root(00)
Mensaje * / 00:00:52:182 / Root(00) para top(01)
Mensaje * / 00:00:52:182 / top(01) para subnet1(02)
Mensaje Y / 00:00:52:182 / subnet1(02) / out /     51.00000 para top(01)
Mensaje D / 00:00:52:182 / subnet1(02) / ... para top(01)
Mensaje Y / 00:00:52:182 / top(01) / out /     51.00000 para Root(00)
Mensaje D / 00:00:52:182 / top(01) / ... para Root(00)
Mensaje X / 00:01:10:000 / Root(00) / in /     60.00000 para top(01)
Mensaje X / 00:01:10:000 / top(01) / in /     60.00000 para subnet1(02)
Mensaje D / 00:01:10:000 / subnet1(02) / 00:00:03:160 para top(01)
Mensaje D / 00:01:10:000 / top(01) / 00:00:03:160 para Root(00)
Mensaje * / 00:01:13:160 / Root(00) para top(01)
Mensaje * / 00:01:13:160 / top(01) para subnet1(02)
Mensaje Y / 00:01:13:160 / subnet1(02) / out /     60.00000 para top(01)
Mensaje D / 00:01:13:160 / subnet1(02) / ... para top(01)
Mensaje Y / 00:01:13:160 / top(01) / out /     60.00000 para Root(00)
Mensaje D / 00:01:13:160 / top(01) / ... para Root(00)
Mensaje X / 00:01:20:000 / Root(00) / in /     71.00000 para top(01)
Mensaje X / 00:01:20:000 / top(01) / in /     71.00000 para subnet1(02)
Mensaje D / 00:01:20:000 / subnet1(02) / 00:00:03:849 para top(01)
Mensaje D / 00:01:20:000 / top(01) / 00:00:03:849 para Root(00)
Mensaje * / 00:01:23:849 / Root(00) para top(01)
Mensaje * / 00:01:23:849 / top(01) para subnet1(02)
Mensaje Y / 00:01:23:849 / subnet1(02) / out /     71.00000 para top(01)
Mensaje D / 00:01:23:849 / subnet1(02) / ... para top(01)
Mensaje Y / 00:01:23:849 / top(01) / out /     71.00000 para Root(00)
Mensaje D / 00:01:23:849 / top(01) / ... para Root(00)
Mensaje X / 00:01:30:000 / Root(00) / in /     80.00000 para top(01)
Mensaje X / 00:01:30:000 / top(01) / in /     80.00000 para subnet1(02)
Mensaje D / 00:01:30:000 / subnet1(02) / 00:00:03:655 para top(01)
Mensaje D / 00:01:30:000 / top(01) / 00:00:03:655 para Root(00)
Mensaje * / 00:01:33:655 / Root(00) para top(01)
Mensaje * / 00:01:33:655 / top(01) para subnet1(02)
Mensaje Y / 00:01:33:655 / subnet1(02) / out /     80.00000 para top(01)
Mensaje D / 00:01:33:655 / subnet1(02) / ... para top(01)
Mensaje Y / 00:01:33:655 / top(01) / out /     80.00000 para Root(00)
Mensaje D / 00:01:33:655 / top(01) / ... para Root(00)
Mensaje X / 00:01:40:000 / Root(00) / in /     91.00000 para top(01)
Mensaje X / 00:01:40:000 / top(01) / in /     91.00000 para subnet1(02)
Mensaje D / 00:01:40:000 / subnet1(02) / 00:00:03:446 para top(01)
Mensaje D / 00:01:40:000 / top(01) / 00:00:03:446 para Root(00)
Mensaje * / 00:01:43:446 / Root(00) para top(01)
Mensaje * / 00:01:43:446 / top(01) para subnet1(02)
Mensaje Y / 00:01:43:446 / subnet1(02) / out /     91.00000 para top(01)
Mensaje D / 00:01:43:446 / subnet1(02) / ... para top(01)
Mensaje Y / 00:01:43:446 / top(01) / out /     91.00000 para Root(00)
Mensaje D / 00:01:43:446 / top(01) / ... para Root(00)
Mensaje X / 00:01:50:000 / Root(00) / in /    100.00000 para top(01)
Mensaje X / 00:01:50:000 / top(01) / in /    100.00000 para subnet1(02)
Mensaje D / 00:01:50:000 / subnet1(02) / 00:00:02:830 para top(01)
Mensaje D / 00:01:50:000 / top(01) / 00:00:02:830 para Root(00)
Mensaje * / 00:01:52:830 / Root(00) para top(01)
Mensaje * / 00:01:52:830 / top(01) para subnet1(02)
Mensaje Y / 00:01:52:830 / subnet1(02) / out /    100.00000 para top(01)
Mensaje D / 00:01:52:830 / subnet1(02) / ... para top(01)
Mensaje Y / 00:01:52:830 / top(01) / out /    100.00000 para Root(00)
Mensaje D / 00:01:52:830 / top(01) / ... para Root(00)
Mensaje X / 00:02:00:000 / Root(00) / in /    111.00000 para top(01)
Mensaje X / 00:02:00:000 / top(01) / in /    111.00000 para subnet1(02)
Mensaje D / 00:02:00:000 / subnet1(02) / 00:00:02:400 para top(01)
Mensaje D / 00:02:00:000 / top(01) / 00:00:02:400 para Root(00)
Mensaje * / 00:02:02:400 / Root(00) para top(01)
Mensaje * / 00:02:02:400 / top(01) para subnet1(02)
Mensaje Y / 00:02:02:400 / subnet1(02) / out /    111.00000 para top(01)
Mensaje D / 00:02:02:400 / subnet1(02) / ... para top(01)
Mensaje Y / 00:02:02:400 / top(01) / out /    111.00000 para Root(00)
Mensaje D / 00:02:02:400 / top(01) / ... para Root(00)
Mensaje X / 00:02:10:000 / Root(00) / in /    120.00000 para top(01)
Mensaje X / 00:02:10:000 / top(01) / in /    120.00000 para subnet1(02)
Mensaje D / 00:02:10:000 / subnet1(02) / 00:00:03:687 para top(01)
Mensaje D / 00:02:10:000 / top(01) / 00:00:03:687 para Root(00)
Mensaje * / 00:02:13:687 / Root(00) para top(01)
Mensaje * / 00:02:13:687 / top(01) para subnet1(02)
Mensaje Y / 00:02:13:687 / subnet1(02) / out /    120.00000 para top(01)
Mensaje D / 00:02:13:687 / subnet1(02) / ... para top(01)
Mensaje Y / 00:02:13:687 / top(01) / out /    120.00000 para Root(00)
Mensaje D / 00:02:13:687 / top(01) / ... para Root(00)
Mensaje X / 00:02:20:000 / Root(00) / in /    131.00000 para top(01)
Mensaje X / 00:02:20:000 / top(01) / in /    131.00000 para subnet1(02)
Mensaje D / 00:02:20:000 / subnet1(02) / 00:00:01:055 para top(01)
Mensaje D / 00:02:20:000 / top(01) / 00:00:01:055 para Root(00)
Mensaje * / 00:02:21:055 / Root(00) para top(01)
Mensaje * / 00:02:21:055 / top(01) para subnet1(02)
Mensaje Y / 00:02:21:055 / subnet1(02) / out /    131.00000 para top(01)
Mensaje D / 00:02:21:055 / subnet1(02) / ... para top(01)
Mensaje Y / 00:02:21:055 / top(01) / out /    131.00000 para Root(00)
Mensaje D / 00:02:21:055 / top(01) / ... para Root(00)
Mensaje X / 00:02:30:000 / Root(00) / in /    140.00000 para top(01)
Mensaje X / 00:02:30:000 / top(01) / in /    140.00000 para subnet1(02)
Mensaje D / 00:02:30:000 / subnet1(02) / 00:00:03:678 para top(01)
Mensaje D / 00:02:30:000 / top(01) / 00:00:03:678 para Root(00)
Mensaje * / 00:02:33:678 / Root(00) para top(01)
Mensaje * / 00:02:33:678 / top(01) para subnet1(02)
Mensaje Y / 00:02:33:678 / subnet1(02) / out /    140.00000 para top(01)
Mensaje D / 00:02:33:678 / subnet1(02) / ... para top(01)
Mensaje Y / 00:02:33:678 / top(01) / out /    140.00000 para Root(00)
Mensaje D / 00:02:33:678 / top(01) / ... para Root(00)
Mensaje X / 00:02:40:000 / Root(00) / in /    151.00000 para top(01)
Mensaje X / 00:02:40:000 / top(01) / in /    151.00000 para subnet1(02)
Mensaje D / 00:02:40:000 / subnet1(02) / 00:00:03:679 para top(01)
Mensaje D / 00:02:40:000 / top(01) / 00:00:03:679 para Root(00)
Mensaje * / 00:02:43:679 / Root(00) para top(01)
Mensaje * / 00:02:43:679 / top(01) para subnet1(02)
Mensaje Y / 00:02:43:679 / subnet1(02) / out /    151.00000 para top(01)
Mensaje D / 00:02:43:679 / subnet1(02) / ... para top(01)
Mensaje Y / 00:02:43:679 / top(01) / out /    151.00000 para Root(00)
Mensaje D / 00:02:43:679 / top(01) / ... para Root(00)
Mensaje X / 00:02:50:000 / Root(00) / in /    160.00000 para top(01)
Mensaje X / 00:02:50:000 / top(01) / in /    160.00000 para subnet1(02)
Mensaje D / 00:02:50:000 / subnet1(02) / 00:00:04:759 para top(01)
Mensaje D / 00:02:50:000 / top(01) / 00:00:04:759 para Root(00)
Mensaje * / 00:02:54:759 / Root(00) para top(01)
Mensaje * / 00:02:54:759 / top(01) para subnet1(02)
Mensaje Y / 00:02:54:759 / subnet1(02) / out /    160.00000 para top(01)
Mensaje D / 00:02:54:759 / subnet1(02) / ... para top(01)
Mensaje Y / 00:02:54:759 / top(01) / out /    160.00000 para Root(00)
Mensaje D / 00:02:54:759 / top(01) / ... para Root(00)
Mensaje X / 00:03:00:000 / Root(00) / in /    171.00000 para top(01)
Mensaje X / 00:03:00:000 / top(01) / in /    171.00000 para subnet1(02)
Mensaje D / 00:03:00:000 / subnet1(02) / 00:00:03:084 para top(01)
Mensaje D / 00:03:00:000 / top(01) / 00:00:03:084 para Root(00)
Mensaje * / 00:03:03:084 / Root(00) para top(01)
Mensaje * / 00:03:03:084 / top(01) para subnet1(02)
Mensaje D / 00:03:03:084 / subnet1(02) / ... para top(01)
Mensaje D / 00:03:03:084 / top(01) / ... para Root(00)
Mensaje X / 00:03:10:000 / Root(00) / in /    180.00000 para top(01)
Mensaje X / 00:03:10:000 / top(01) / in /    180.00000 para subnet1(02)
Mensaje D / 00:03:10:000 / subnet1(02) / 00:00:02:533 para top(01)
Mensaje D / 00:03:10:000 / top(01) / 00:00:02:533 para Root(00)
Mensaje * / 00:03:12:533 / Root(00) para top(01)
Mensaje * / 00:03:12:533 / top(01) para subnet1(02)
Mensaje Y / 00:03:12:533 / subnet1(02) / out /    180.00000 para top(01)
Mensaje D / 00:03:12:533 / subnet1(02) / ... para top(01)
Mensaje Y / 00:03:12:533 / top(01) / out /    180.00000 para Root(00)
Mensaje D / 00:03:12:533 / top(01) / ... para Root(00)
Mensaje X / 00:03:20:000 / Root(00) / in /    191.00000 para top(01)
Mensaje X / 00:03:20:000 / top(01) / in /    191.00000 para subnet1(02)
Mensaje D / 00:03:20:000 / subnet1(02) / 00:00:01:704 para top(01)
Mensaje D / 00:03:20:000 / top(01) / 00:00:01:704 para Root(00)
Mensaje * / 00:03:21:704 / Root(00) para top(01)
Mensaje * / 00:03:21:704 / top(01) para subnet1(02)
Mensaje Y / 00:03:21:704 / subnet1(02) / out /    191.00000 para top(01)
Mensaje D / 00:03:21:704 / subnet1(02) / ... para top(01)
Mensaje Y / 00:03:21:704 / top(01) / out /    191.00000 para Root(00)
Mensaje D / 00:03:21:704 / top(01) / ... para Root(00)
Mensaje X / 00:03:30:000 / Root(00) / in /    200.00000 para top(01)
Mensaje X / 00:03:30:000 / top(01) / in /    200.00000 para subnet1(02)
Mensaje D / 00:03:30:000 / subnet1(02) / 00:00:02:419 para top(01)
Mensaje D / 00:03:30:000 / top(01) / 00:00:02:419 para Root(00)
Mensaje * / 00:03:32:419 / Root(00) para top(01)
Mensaje * / 00:03:32:419 / top(01) para subnet1(02)
Mensaje Y / 00:03:32:419 / subnet1(02) / out /    200.00000 para top(01)
Mensaje D / 00:03:32:419 / subnet1(02) / ... para top(01)
Mensaje Y / 00:03:32:419 / top(01) / out /    200.00000 para Root(00)
Mensaje D / 00:03:32:419 / top(01) / ... para Root(00)
