Mensaje I / 00:00:00:000 / Root(00) para top(01)
Mensaje I / 00:00:00:000 / top(01) para tmpfilereadthread(02)
Mensaje D / 00:00:00:000 / tmpfilereadthread(02) / ... para top(01)
Mensaje D / 00:00:00:000 / top(01) / ... para Root(00)
Mensaje X / 00:00:18:000 / Root(00) / requestdata /     20.00000 para top(01)
Mensaje X / 00:00:18:000 / top(01) / requestdata /     20.00000 para tmpfilereadthread(02)
Mensaje D / 00:00:18:000 / tmpfilereadthread(02) / 00:00:00:000 para top(01)
Mensaje D / 00:00:18:000 / top(01) / 00:00:00:000 para Root(00)
Mensaje * / 00:00:18:000 / Root(00) para top(01)
Mensaje * / 00:00:18:000 / top(01) para tmpfilereadthread(02)
Mensaje Y / 00:00:18:000 / tmpfilereadthread(02) / dataout /     -1.00000 para top(01)
Mensaje D / 00:00:18:000 / tmpfilereadthread(02) / ... para top(01)
Mensaje Y / 00:00:18:000 / top(01) / dataout /     -1.00000 para Root(00)
Mensaje D / 00:00:18:000 / top(01) / ... para Root(00)
Mensaje X / 00:00:20:000 / Root(00) / deletedata /     20.00000 para top(01)
Mensaje X / 00:00:20:000 / top(01) / deletedata /     20.00000 para tmpfilereadthread(02)
Mensaje D / 00:00:20:000 / tmpfilereadthread(02) / 00:00:00:000 para top(01)
Mensaje D / 00:00:20:000 / top(01) / 00:00:00:000 para Root(00)
Mensaje * / 00:00:20:000 / Root(00) para top(01)
Mensaje * / 00:00:20:000 / top(01) para tmpfilereadthread(02)
Mensaje Y / 00:00:20:000 / tmpfilereadthread(02) / dataout /     -2.00000 para top(01)
Mensaje D / 00:00:20:000 / tmpfilereadthread(02) / ... para top(01)
Mensaje Y / 00:00:20:000 / top(01) / dataout /     -2.00000 para Root(00)
Mensaje D / 00:00:20:000 / top(01) / ... para Root(00)
Mensaje X / 00:00:21:000 / Root(00) / requestdata /     20.00000 para top(01)
Mensaje X / 00:00:21:000 / top(01) / requestdata /     20.00000 para tmpfilereadthread(02)
Mensaje D / 00:00:21:000 / tmpfilereadthread(02) / 00:00:00:000 para top(01)
Mensaje D / 00:00:21:000 / top(01) / 00:00:00:000 para Root(00)
Mensaje * / 00:00:21:000 / Root(00) para top(01)
Mensaje * / 00:00:21:000 / top(01) para tmpfilereadthread(02)
Mensaje Y / 00:00:21:000 / tmpfilereadthread(02) / dataout /     -1.00000 para top(01)
Mensaje D / 00:00:21:000 / tmpfilereadthread(02) / ... para top(01)
Mensaje Y / 00:00:21:000 / top(01) / dataout /     -1.00000 para Root(00)
Mensaje D / 00:00:21:000 / top(01) / ... para Root(00)
Mensaje X / 00:00:22:000 / Root(00) / requestdata /     20.00000 para top(01)
Mensaje X / 00:00:22:000 / top(01) / requestdata /     20.00000 para tmpfilereadthread(02)
Mensaje D / 00:00:22:000 / tmpfilereadthread(02) / 00:00:00:000 para top(01)
Mensaje D / 00:00:22:000 / top(01) / 00:00:00:000 para Root(00)
Mensaje * / 00:00:22:000 / Root(00) para top(01)
Mensaje * / 00:00:22:000 / top(01) para tmpfilereadthread(02)
Mensaje Y / 00:00:22:000 / tmpfilereadthread(02) / dataout /     -1.00000 para top(01)
Mensaje D / 00:00:22:000 / tmpfilereadthread(02) / ... para top(01)
Mensaje Y / 00:00:22:000 / top(01) / dataout /     -1.00000 para Root(00)
Mensaje D / 00:00:22:000 / top(01) / ... para Root(00)
Mensaje X / 00:00:24:000 / Root(00) / requestdata /     20.00000 para top(01)
Mensaje X / 00:00:24:000 / top(01) / requestdata /     20.00000 para tmpfilereadthread(02)
Mensaje D / 00:00:24:000 / tmpfilereadthread(02) / 00:00:00:000 para top(01)
Mensaje D / 00:00:24:000 / top(01) / 00:00:00:000 para Root(00)
Mensaje * / 00:00:24:000 / Root(00) para top(01)
Mensaje * / 00:00:24:000 / top(01) para tmpfilereadthread(02)
Mensaje Y / 00:00:24:000 / tmpfilereadthread(02) / dataout /     -1.00000 para top(01)
Mensaje D / 00:00:24:000 / tmpfilereadthread(02) / ... para top(01)
Mensaje Y / 00:00:24:000 / top(01) / dataout /     -1.00000 para Root(00)
Mensaje D / 00:00:24:000 / top(01) / ... para Root(00)
Mensaje X / 00:00:26:000 / Root(00) / deletedata /      2.00000 para top(01)
Mensaje X / 00:00:26:000 / top(01) / deletedata /      2.00000 para tmpfilereadthread(02)
Mensaje D / 00:00:26:000 / tmpfilereadthread(02) / 00:00:00:000 para top(01)
Mensaje D / 00:00:26:000 / top(01) / 00:00:00:000 para Root(00)
Mensaje * / 00:00:26:000 / Root(00) para top(01)
Mensaje * / 00:00:26:000 / top(01) para tmpfilereadthread(02)
Mensaje Y / 00:00:26:000 / tmpfilereadthread(02) / dataout /     -2.00000 para top(01)
Mensaje D / 00:00:26:000 / tmpfilereadthread(02) / ... para top(01)
Mensaje Y / 00:00:26:000 / top(01) / dataout /     -2.00000 para Root(00)
Mensaje D / 00:00:26:000 / top(01) / ... para Root(00)
Mensaje X / 00:00:28:000 / Root(00) / requestdata /     20.00000 para top(01)
Mensaje X / 00:00:28:000 / top(01) / requestdata /     20.00000 para tmpfilereadthread(02)
Mensaje D / 00:00:28:000 / tmpfilereadthread(02) / 00:00:00:000 para top(01)
Mensaje D / 00:00:28:000 / top(01) / 00:00:00:000 para Root(00)
Mensaje X / 00:00:28:000 / Root(00) / requestdata /     20.00000 para top(01)
Mensaje X / 00:00:28:000 / top(01) / requestdata /     20.00000 para tmpfilereadthread(02)
Mensaje D / 00:00:28:000 / tmpfilereadthread(02) / 00:00:00:000 para top(01)
Mensaje D / 00:00:28:000 / top(01) / 00:00:00:000 para Root(00)
Mensaje X / 00:00:28:000 / Root(00) / requestdata /     20.00000 para top(01)
Mensaje X / 00:00:28:000 / top(01) / requestdata /     20.00000 para tmpfilereadthread(02)
Mensaje D / 00:00:28:000 / tmpfilereadthread(02) / 00:00:00:000 para top(01)
Mensaje D / 00:00:28:000 / top(01) / 00:00:00:000 para Root(00)
Mensaje * / 00:00:28:000 / Root(00) para top(01)
Mensaje * / 00:00:28:000 / top(01) para tmpfilereadthread(02)
Mensaje Y / 00:00:28:000 / tmpfilereadthread(02) / dataout /     -1.00000 para top(01)
Mensaje D / 00:00:28:000 / tmpfilereadthread(02) / ... para top(01)
Mensaje Y / 00:00:28:000 / top(01) / dataout /     -1.00000 para Root(00)
Mensaje D / 00:00:28:000 / top(01) / ... para Root(00)
Mensaje X / 00:00:29:000 / Root(00) / requestdata /     20.00000 para top(01)
Mensaje X / 00:00:29:000 / top(01) / requestdata /     20.00000 para tmpfilereadthread(02)
Mensaje D / 00:00:29:000 / tmpfilereadthread(02) / 00:00:00:000 para top(01)
Mensaje D / 00:00:29:000 / top(01) / 00:00:00:000 para Root(00)
Mensaje * / 00:00:29:000 / Root(00) para top(01)
Mensaje * / 00:00:29:000 / top(01) para tmpfilereadthread(02)
Mensaje Y / 00:00:29:000 / tmpfilereadthread(02) / dataout /     -1.00000 para top(01)
Mensaje D / 00:00:29:000 / tmpfilereadthread(02) / ... para top(01)
Mensaje Y / 00:00:29:000 / top(01) / dataout /     -1.00000 para Root(00)
Mensaje D / 00:00:29:000 / top(01) / ... para Root(00)
