Mensaje I / 00:00:00:000 / Root(00) para top(01)
Mensaje I / 00:00:00:000 / top(01) para tmpfilewritethread(02)
Mensaje D / 00:00:00:000 / tmpfilewritethread(02) / ... para top(01)
Mensaje D / 00:00:00:000 / top(01) / ... para Root(00)
Mensaje X / 00:00:10:000 / Root(00) / storedata /      1.00000 para top(01)
Mensaje X / 00:00:10:000 / top(01) / storedata /      1.00000 para tmpfilewritethread(02)
Mensaje D / 00:00:10:000 / tmpfilewritethread(02) / 00:00:00:000 para top(01)
Mensaje D / 00:00:10:000 / top(01) / 00:00:00:000 para Root(00)
Mensaje * / 00:00:10:000 / Root(00) para top(01)
Mensaje * / 00:00:10:000 / top(01) para tmpfilewritethread(02)
Mensaje Y / 00:00:10:000 / tmpfilewritethread(02) / dataout /      1.00000 para top(01)
Mensaje D / 00:00:10:000 / tmpfilewritethread(02) / ... para top(01)
Mensaje Y / 00:00:10:000 / top(01) / dataout /      1.00000 para Root(00)
Mensaje D / 00:00:10:000 / top(01) / ... para Root(00)
Mensaje X / 00:00:12:000 / Root(00) / storedata /      2.00000 para top(01)
Mensaje X / 00:00:12:000 / top(01) / storedata /      2.00000 para tmpfilewritethread(02)
Mensaje D / 00:00:12:000 / tmpfilewritethread(02) / 00:00:00:000 para top(01)
Mensaje D / 00:00:12:000 / top(01) / 00:00:00:000 para Root(00)
Mensaje * / 00:00:12:000 / Root(00) para top(01)
Mensaje * / 00:00:12:000 / top(01) para tmpfilewritethread(02)
Mensaje Y / 00:00:12:000 / tmpfilewritethread(02) / dataout /      2.00000 para top(01)
Mensaje D / 00:00:12:000 / tmpfilewritethread(02) / ... para top(01)
Mensaje Y / 00:00:12:000 / top(01) / dataout /      2.00000 para Root(00)
Mensaje D / 00:00:12:000 / top(01) / ... para Root(00)
Mensaje X / 00:00:14:000 / Root(00) / storedata /      2.00000 para top(01)
Mensaje X / 00:00:14:000 / top(01) / storedata /      2.00000 para tmpfilewritethread(02)
Mensaje D / 00:00:14:000 / tmpfilewritethread(02) / 00:00:00:000 para top(01)
Mensaje D / 00:00:14:000 / top(01) / 00:00:00:000 para Root(00)
Mensaje * / 00:00:14:000 / Root(00) para top(01)
Mensaje * / 00:00:14:000 / top(01) para tmpfilewritethread(02)
Mensaje D / 00:00:14:000 / tmpfilewritethread(02) / ... para top(01)
Mensaje D / 00:00:14:000 / top(01) / ... para Root(00)
Mensaje X / 00:00:15:010 / Root(00) / storedata /      3.00000 para top(01)
Mensaje X / 00:00:15:010 / top(01) / storedata /      3.00000 para tmpfilewritethread(02)
Mensaje D / 00:00:15:010 / tmpfilewritethread(02) / 00:00:00:000 para top(01)
Mensaje D / 00:00:15:010 / top(01) / 00:00:00:000 para Root(00)
Mensaje * / 00:00:15:010 / Root(00) para top(01)
Mensaje * / 00:00:15:010 / top(01) para tmpfilewritethread(02)
Mensaje Y / 00:00:15:010 / tmpfilewritethread(02) / dataout /      3.00000 para top(01)
Mensaje D / 00:00:15:010 / tmpfilewritethread(02) / ... para top(01)
Mensaje Y / 00:00:15:010 / top(01) / dataout /      3.00000 para Root(00)
Mensaje D / 00:00:15:010 / top(01) / ... para Root(00)
Mensaje X / 00:00:16:020 / Root(00) / storedata /      3.00000 para top(01)
Mensaje X / 00:00:16:020 / top(01) / storedata /      3.00000 para tmpfilewritethread(02)
Mensaje D / 00:00:16:020 / tmpfilewritethread(02) / 00:00:00:000 para top(01)
Mensaje D / 00:00:16:020 / top(01) / 00:00:00:000 para Root(00)
Mensaje * / 00:00:16:020 / Root(00) para top(01)
Mensaje * / 00:00:16:020 / top(01) para tmpfilewritethread(02)
Mensaje D / 00:00:16:020 / tmpfilewritethread(02) / ... para top(01)
Mensaje D / 00:00:16:020 / top(01) / ... para Root(00)
Mensaje X / 00:00:17:030 / Root(00) / storedata /      2.00000 para top(01)
Mensaje X / 00:00:17:030 / top(01) / storedata /      2.00000 para tmpfilewritethread(02)
Mensaje D / 00:00:17:030 / tmpfilewritethread(02) / 00:00:00:000 para top(01)
Mensaje D / 00:00:17:030 / top(01) / 00:00:00:000 para Root(00)
Mensaje * / 00:00:17:030 / Root(00) para top(01)
Mensaje * / 00:00:17:030 / top(01) para tmpfilewritethread(02)
Mensaje D / 00:00:17:030 / tmpfilewritethread(02) / ... para top(01)
Mensaje D / 00:00:17:030 / top(01) / ... para Root(00)
Mensaje X / 00:00:18:000 / Root(00) / storedata /      3.00000 para top(01)
Mensaje X / 00:00:18:000 / top(01) / storedata /      3.00000 para tmpfilewritethread(02)
Mensaje D / 00:00:18:000 / tmpfilewritethread(02) / 00:00:00:000 para top(01)
Mensaje D / 00:00:18:000 / top(01) / 00:00:00:000 para Root(00)
Mensaje * / 00:00:18:000 / Root(00) para top(01)
Mensaje * / 00:00:18:000 / top(01) para tmpfilewritethread(02)
Mensaje D / 00:00:18:000 / tmpfilewritethread(02) / ... para top(01)
Mensaje D / 00:00:18:000 / top(01) / ... para Root(00)
